2020-07-30 22:39:25.313410 (MainThread): Running with dbt=0.17.1
2020-07-30 22:39:25.573838 (MainThread): running dbt with arguments Namespace(cls=<class 'dbt.task.run.RunTask'>, debug=False, exclude=None, fail_fast=False, full_refresh=False, log_cache_events=False, log_format='default', models=['+stripe_subscription_details'], partial_parse=None, profile=None, profiles_dir='/Users/kristin/.dbt', project_dir=None, record_timing_info=None, rpc_method='run', single_threaded=False, strict=False, target=None, test_new_parser=False, threads=None, use_cache=True, vars='{}', version_check=True, warn_error=False, which='run', write_json=True)
2020-07-30 22:39:25.574931 (MainThread): Tracking: tracking
2020-07-30 22:39:25.575209 (MainThread): Sending event: {'category': 'dbt', 'action': 'invocation', 'label': 'start', 'context': [<snowplow_tracker.self_describing_json.SelfDescribingJson object at 0x113704df0>, <snowplow_tracker.self_describing_json.SelfDescribingJson object at 0x112b034c0>, <snowplow_tracker.self_describing_json.SelfDescribingJson object at 0x1137133d0>]}
2020-07-30 22:39:25.594976 (MainThread): Partial parsing not enabled
2020-07-30 22:39:25.596502 (MainThread): Parsing macros/core.sql
2020-07-30 22:39:25.600359 (MainThread): Parsing macros/materializations/helpers.sql
2020-07-30 22:39:25.607395 (MainThread): Parsing macros/materializations/snapshot/snapshot_merge.sql
2020-07-30 22:39:25.609032 (MainThread): Parsing macros/materializations/snapshot/strategies.sql
2020-07-30 22:39:25.623310 (MainThread): Parsing macros/materializations/snapshot/snapshot.sql
2020-07-30 22:39:25.651354 (MainThread): Parsing macros/materializations/seed/seed.sql
2020-07-30 22:39:25.672492 (MainThread): Parsing macros/materializations/incremental/helpers.sql
2020-07-30 22:39:25.674151 (MainThread): Parsing macros/materializations/incremental/incremental.sql
2020-07-30 22:39:25.679829 (MainThread): Parsing macros/materializations/common/merge.sql
2020-07-30 22:39:25.692101 (MainThread): Parsing macros/materializations/table/table.sql
2020-07-30 22:39:25.698074 (MainThread): Parsing macros/materializations/view/view.sql
2020-07-30 22:39:25.703615 (MainThread): Parsing macros/materializations/view/create_or_replace_view.sql
2020-07-30 22:39:25.707830 (MainThread): Parsing macros/etc/get_custom_alias.sql
2020-07-30 22:39:25.708705 (MainThread): Parsing macros/etc/query.sql
2020-07-30 22:39:25.709626 (MainThread): Parsing macros/etc/is_incremental.sql
2020-07-30 22:39:25.711044 (MainThread): Parsing macros/etc/datetime.sql
2020-07-30 22:39:25.718806 (MainThread): Parsing macros/etc/get_custom_schema.sql
2020-07-30 22:39:25.720519 (MainThread): Parsing macros/etc/get_custom_database.sql
2020-07-30 22:39:25.721962 (MainThread): Parsing macros/adapters/common.sql
2020-07-30 22:39:25.766730 (MainThread): Parsing macros/schema_tests/relationships.sql
2020-07-30 22:39:25.767768 (MainThread): Parsing macros/schema_tests/not_null.sql
2020-07-30 22:39:25.768559 (MainThread): Parsing macros/schema_tests/unique.sql
2020-07-30 22:39:25.769501 (MainThread): Parsing macros/schema_tests/accepted_values.sql
2020-07-30 22:39:25.771492 (MainThread): Parsing macros/catalog.sql
2020-07-30 22:39:25.773140 (MainThread): Parsing macros/adapters.sql
2020-07-30 22:39:25.791775 (MainThread): Parsing macros/materializations/merge.sql
2020-07-30 22:39:25.793475 (MainThread): Parsing macros/materializations/view.sql
2020-07-30 22:39:25.794491 (MainThread): Parsing macros/materializations/table.sql
2020-07-30 22:39:25.797665 (MainThread): Parsing macros/materializations/incremental.sql
2020-07-30 22:39:25.855062 (MainThread): Partial parsing not enabled
2020-07-30 22:39:25.855388 (MainThread): Parsing macros/enabled_vars.sql
2020-07-30 22:39:25.858273 (MainThread): Parsing macros/cross_db_utils/except.sql
2020-07-30 22:39:25.860660 (MainThread): Parsing macros/cross_db_utils/replace.sql
2020-07-30 22:39:25.862786 (MainThread): Parsing macros/cross_db_utils/concat.sql
2020-07-30 22:39:25.865935 (MainThread): Parsing macros/cross_db_utils/datatypes.sql
2020-07-30 22:39:25.871344 (MainThread): Parsing macros/cross_db_utils/_is_relation.sql
2020-07-30 22:39:25.872679 (MainThread): Parsing macros/cross_db_utils/length.sql
2020-07-30 22:39:25.874321 (MainThread): Parsing macros/cross_db_utils/dateadd.sql
2020-07-30 22:39:25.877627 (MainThread): Parsing macros/cross_db_utils/intersect.sql
2020-07-30 22:39:25.879347 (MainThread): Parsing macros/cross_db_utils/right.sql
2020-07-30 22:39:25.882336 (MainThread): Parsing macros/cross_db_utils/datediff.sql
2020-07-30 22:39:25.892031 (MainThread): Parsing macros/cross_db_utils/safe_cast.sql
2020-07-30 22:39:25.893970 (MainThread): Parsing macros/cross_db_utils/hash.sql
2020-07-30 22:39:25.895433 (MainThread): Parsing macros/cross_db_utils/identifier.sql
2020-07-30 22:39:25.896925 (MainThread): Parsing macros/cross_db_utils/position.sql
2020-07-30 22:39:25.898514 (MainThread): Parsing macros/cross_db_utils/literal.sql
2020-07-30 22:39:25.899541 (MainThread): Parsing macros/cross_db_utils/current_timestamp.sql
2020-07-30 22:39:25.902690 (MainThread): Parsing macros/cross_db_utils/width_bucket.sql
2020-07-30 22:39:25.907453 (MainThread): Parsing macros/cross_db_utils/last_day.sql
2020-07-30 22:39:25.910319 (MainThread): Parsing macros/cross_db_utils/split_part.sql
2020-07-30 22:39:25.912197 (MainThread): Parsing macros/cross_db_utils/date_trunc.sql
2020-07-30 22:39:25.913719 (MainThread): Parsing macros/cross_db_utils/_is_ephemeral.sql
2020-07-30 22:39:25.915484 (MainThread): Parsing macros/materializations/insert_by_period_materialization.sql
2020-07-30 22:39:25.936327 (MainThread): Parsing macros/logger/pretty_log_format.sql
2020-07-30 22:39:25.937124 (MainThread): Parsing macros/logger/pretty_time.sql
2020-07-30 22:39:25.938008 (MainThread): Parsing macros/logger/log_info.sql
2020-07-30 22:39:25.938855 (MainThread): Parsing macros/datetime/date_spine.sql
2020-07-30 22:39:25.942592 (MainThread): Parsing macros/web/get_url_host.sql
2020-07-30 22:39:25.944823 (MainThread): Parsing macros/web/get_url_path.sql
2020-07-30 22:39:25.947129 (MainThread): Parsing macros/web/get_url_parameter.sql
2020-07-30 22:39:25.948322 (MainThread): Parsing macros/geo/haversine_distance.sql
2020-07-30 22:39:25.949355 (MainThread): Parsing macros/schema_tests/equal_rowcount.sql
2020-07-30 22:39:25.950709 (MainThread): Parsing macros/schema_tests/relationships_where.sql
2020-07-30 22:39:25.952625 (MainThread): Parsing macros/schema_tests/recency.sql
2020-07-30 22:39:25.953915 (MainThread): Parsing macros/schema_tests/not_constant.sql
2020-07-30 22:39:25.955026 (MainThread): Parsing macros/schema_tests/test_unique_where.sql
2020-07-30 22:39:25.956696 (MainThread): Parsing macros/schema_tests/at_least_one.sql
2020-07-30 22:39:25.958825 (MainThread): Parsing macros/schema_tests/unique_combination_of_columns.sql
2020-07-30 22:39:25.960520 (MainThread): Parsing macros/schema_tests/cardinality_equality.sql
2020-07-30 22:39:25.962015 (MainThread): Parsing macros/schema_tests/expression_is_true.sql
2020-07-30 22:39:25.963296 (MainThread): Parsing macros/schema_tests/test_not_null_where.sql
2020-07-30 22:39:25.964727 (MainThread): Parsing macros/schema_tests/equality.sql
2020-07-30 22:39:25.967760 (MainThread): Parsing macros/schema_tests/mutually_exclusive_ranges.sql
2020-07-30 22:39:25.972786 (MainThread): Parsing macros/sql/nullcheck_table.sql
2020-07-30 22:39:25.974040 (MainThread): Parsing macros/sql/get_relations_by_pattern.sql
2020-07-30 22:39:25.976584 (MainThread): Parsing macros/sql/generate_series.sql
2020-07-30 22:39:25.979634 (MainThread): Parsing macros/sql/get_relations_by_prefix.sql
2020-07-30 22:39:25.982909 (MainThread): Parsing macros/sql/get_tables_by_prefix_sql.sql
2020-07-30 22:39:25.985349 (MainThread): Parsing macros/sql/star.sql
2020-07-30 22:39:25.987994 (MainThread): Parsing macros/sql/unpivot.sql
2020-07-30 22:39:25.993542 (MainThread): Parsing macros/sql/union.sql
2020-07-30 22:39:26.001790 (MainThread): Parsing macros/sql/groupby.sql
2020-07-30 22:39:26.002817 (MainThread): Parsing macros/sql/get_tables_by_pattern.sql
2020-07-30 22:39:26.003834 (MainThread): Parsing macros/sql/surrogate_key.sql
2020-07-30 22:39:26.006307 (MainThread): Parsing macros/sql/safe_add.sql
2020-07-30 22:39:26.007413 (MainThread): Parsing macros/sql/nullcheck.sql
2020-07-30 22:39:26.008794 (MainThread): Parsing macros/sql/get_column_values.sql
2020-07-30 22:39:26.012521 (MainThread): Parsing macros/sql/pivot.sql
2020-07-30 22:39:26.015163 (MainThread): Parsing macros/sql/get_query_results_as_dict.sql
2020-07-30 22:39:26.050350 (MainThread): Acquiring new snowflake connection "model.stripe.stripe_subscription_line_items".
2020-07-30 22:39:26.050446 (MainThread): Opening a new connection, currently in state init
2020-07-30 22:39:26.072790 (MainThread): Acquiring new snowflake connection "model.stripe.stripe_weekly_overview".
2020-07-30 22:39:26.072867 (MainThread): Opening a new connection, currently in state init
2020-07-30 22:39:26.082854 (MainThread): Acquiring new snowflake connection "model.stripe.stripe_invoice_line_items".
2020-07-30 22:39:26.082927 (MainThread): Opening a new connection, currently in state init
2020-07-30 22:39:26.095665 (MainThread): Acquiring new snowflake connection "model.stripe.stripe_daily_overview".
2020-07-30 22:39:26.095738 (MainThread): Opening a new connection, currently in state init
2020-07-30 22:39:26.104778 (MainThread): Acquiring new snowflake connection "model.stripe.stripe_customer_overview".
2020-07-30 22:39:26.104849 (MainThread): Opening a new connection, currently in state init
2020-07-30 22:39:26.127941 (MainThread): Acquiring new snowflake connection "model.stripe.stripe_balance_transactions".
2020-07-30 22:39:26.128017 (MainThread): Opening a new connection, currently in state init
2020-07-30 22:39:26.135737 (MainThread): Acquiring new snowflake connection "model.stripe.stripe_quarterly_overview".
2020-07-30 22:39:26.135808 (MainThread): Opening a new connection, currently in state init
2020-07-30 22:39:26.144305 (MainThread): Acquiring new snowflake connection "model.stripe.stripe_monthly_overview".
2020-07-30 22:39:26.144377 (MainThread): Opening a new connection, currently in state init
2020-07-30 22:39:26.152468 (MainThread): Acquiring new snowflake connection "model.stripe.stripe_subscription_details".
2020-07-30 22:39:26.152540 (MainThread): Opening a new connection, currently in state init
2020-07-30 22:39:26.166725 (MainThread): Acquiring new snowflake connection "model.stripe.stripe_balance_transaction_joined".
2020-07-30 22:39:26.166804 (MainThread): Opening a new connection, currently in state init
2020-07-30 22:39:26.184134 (MainThread): Acquiring new snowflake connection "model.stripe.stripe_incomplete_charges".
2020-07-30 22:39:26.184209 (MainThread): Opening a new connection, currently in state init
2020-07-30 22:39:26.577180 (MainThread): Acquiring new snowflake connection "model.stripe_source.stg_stripe_card".
2020-07-30 22:39:26.577288 (MainThread): Opening a new connection, currently in state init
2020-07-30 22:39:26.587692 (MainThread): Acquiring new snowflake connection "model.stripe_source.stg_stripe_invoice_line_item".
2020-07-30 22:39:26.587766 (MainThread): Opening a new connection, currently in state init
2020-07-30 22:39:26.599231 (MainThread): Acquiring new snowflake connection "model.stripe_source.stg_stripe_payment_method_card".
2020-07-30 22:39:26.599304 (MainThread): Opening a new connection, currently in state init
2020-07-30 22:39:26.610358 (MainThread): Acquiring new snowflake connection "model.stripe_source.stg_stripe_charge".
2020-07-30 22:39:26.610430 (MainThread): Opening a new connection, currently in state init
2020-07-30 22:39:26.620763 (MainThread): Acquiring new snowflake connection "model.stripe_source.stg_stripe_payout".
2020-07-30 22:39:26.620836 (MainThread): Opening a new connection, currently in state init
2020-07-30 22:39:26.631189 (MainThread): Acquiring new snowflake connection "model.stripe_source.stg_stripe_customer".
2020-07-30 22:39:26.631260 (MainThread): Opening a new connection, currently in state init
2020-07-30 22:39:26.641816 (MainThread): Acquiring new snowflake connection "model.stripe_source.stg_stripe_refund".
2020-07-30 22:39:26.641902 (MainThread): Opening a new connection, currently in state init
2020-07-30 22:39:26.652337 (MainThread): Acquiring new snowflake connection "model.stripe_source.stg_stripe_subscription".
2020-07-30 22:39:26.652411 (MainThread): Opening a new connection, currently in state init
2020-07-30 22:39:26.664906 (MainThread): Acquiring new snowflake connection "model.stripe_source.stg_stripe_payment_method".
2020-07-30 22:39:26.665037 (MainThread): Opening a new connection, currently in state init
2020-07-30 22:39:26.678494 (MainThread): Acquiring new snowflake connection "model.stripe_source.stg_stripe_payment_intent".
2020-07-30 22:39:26.678595 (MainThread): Opening a new connection, currently in state init
2020-07-30 22:39:26.688824 (MainThread): Acquiring new snowflake connection "model.stripe_source.stg_stripe_invoice".
2020-07-30 22:39:26.688896 (MainThread): Opening a new connection, currently in state init
2020-07-30 22:39:26.700179 (MainThread): Acquiring new snowflake connection "model.stripe_source.stg_stripe_fee".
2020-07-30 22:39:26.700251 (MainThread): Opening a new connection, currently in state init
2020-07-30 22:39:26.710430 (MainThread): Acquiring new snowflake connection "model.stripe_source.stg_stripe_balance_transaction".
2020-07-30 22:39:26.710501 (MainThread): Opening a new connection, currently in state init
2020-07-30 22:39:26.721188 (MainThread): Acquiring new snowflake connection "model.stripe_source.stg_stripe_plan".
2020-07-30 22:39:26.721259 (MainThread): Opening a new connection, currently in state init
2020-07-30 22:39:27.603418 (MainThread): WARNING: Found documentation for resource "payment_method_card" which was not found or is disabled
2020-07-30 22:39:27.896548 (MainThread): Found 25 models, 36 tests, 0 snapshots, 0 analyses, 269 macros, 0 operations, 0 seed files, 14 sources
2020-07-30 22:39:27.900060 (MainThread): 
2020-07-30 22:39:27.900401 (MainThread): Acquiring new snowflake connection "master".
2020-07-30 22:39:27.900542 (MainThread): Opening a new connection, currently in state init
2020-07-30 22:39:27.915784 (ThreadPoolExecutor-0_0): Acquiring new snowflake connection "list_culdesac-labs".
2020-07-30 22:39:27.915931 (ThreadPoolExecutor-0_0): Opening a new connection, currently in state init
2020-07-30 22:39:27.929903 (ThreadPoolExecutor-0_0): Using snowflake connection "list_culdesac-labs".
2020-07-30 22:39:27.930041 (ThreadPoolExecutor-0_0): On list_culdesac-labs: /* {"app": "dbt", "dbt_version": "0.17.1", "profile_name": "integration_test", "target_name": "dev_snowflake", "connection_name": "list_culdesac-labs"} */

    show terse schemas in database culdesac-labs
    limit 10000
2020-07-30 22:39:28.177271 (ThreadPoolExecutor-0_0): unclosed file <_io.BufferedReader name='/Library/Frameworks/Python.framework/Versions/3.8/lib/python3.8/site-packages/certifi/cacert.pem'>
2020-07-30 22:39:28.729645 (ThreadPoolExecutor-0_0): Snowflake query id: 0195ebef-0347-cc10-0000-05053288156a
2020-07-30 22:39:28.729871 (ThreadPoolExecutor-0_0): Snowflake error: 001003 (42000): SQL compilation error:
syntax error line 1 at position 39 unexpected '-'.
2020-07-30 22:39:28.730117 (ThreadPoolExecutor-0_0): Error running SQL: macro list_schemas
2020-07-30 22:39:28.730256 (ThreadPoolExecutor-0_0): Rolling back transaction.
2020-07-30 22:39:28.730960 (ThreadPoolExecutor-0_0): Acquiring new snowflake connection "list_DBT_PACKAGE_TESTING".
2020-07-30 22:39:28.731119 (ThreadPoolExecutor-0_0): Re-using an available connection from the pool (formerly list_culdesac-labs).
2020-07-30 22:39:28.733542 (ThreadPoolExecutor-0_0): Using snowflake connection "list_DBT_PACKAGE_TESTING".
2020-07-30 22:39:28.733677 (ThreadPoolExecutor-0_0): On list_DBT_PACKAGE_TESTING: /* {"app": "dbt", "dbt_version": "0.17.1", "profile_name": "integration_test", "target_name": "dev_snowflake", "connection_name": "list_DBT_PACKAGE_TESTING"} */

    show terse schemas in database DBT_PACKAGE_TESTING
    limit 10000
2020-07-30 22:39:28.887776 (ThreadPoolExecutor-0_0): SQL status: SUCCESS 14 in 0.15 seconds
2020-07-30 22:39:28.890991 (MainThread): Connection 'master' was properly closed.
2020-07-30 22:39:28.891135 (MainThread): Connection 'list_DBT_PACKAGE_TESTING' was left open.
2020-07-30 22:39:28.891244 (MainThread): On list_DBT_PACKAGE_TESTING: Close
2020-07-30 22:39:29.047775 (MainThread): Sending event: {'category': 'dbt', 'action': 'invocation', 'label': 'end', 'context': [<snowplow_tracker.self_describing_json.SelfDescribingJson object at 0x113945b50>, <snowplow_tracker.self_describing_json.SelfDescribingJson object at 0x113d0b280>, <snowplow_tracker.self_describing_json.SelfDescribingJson object at 0x113bf4a90>]}
2020-07-30 22:39:29.048099 (MainThread): Flushing usage events
2020-07-30 22:39:29.528783 (MainThread): Encountered an error:
2020-07-30 22:39:29.529005 (MainThread): Runtime Error
  Database error while listing schemas in database "culdesac-labs"
  Database Error
    001003 (42000): SQL compilation error:
    syntax error line 1 at position 39 unexpected '-'.
2020-07-30 22:39:29.535973 (MainThread): Traceback (most recent call last):
  File "/Library/Frameworks/Python.framework/Versions/3.8/lib/python3.8/site-packages/dbt/adapters/snowflake/connections.py", line 158, in exception_handler
    yield
  File "/Library/Frameworks/Python.framework/Versions/3.8/lib/python3.8/site-packages/dbt/adapters/sql/connections.py", line 74, in add_query
    cursor.execute(sql, bindings)
  File "/Library/Frameworks/Python.framework/Versions/3.8/lib/python3.8/site-packages/snowflake/connector/cursor.py", line 595, in execute
    Error.errorhandler_wrapper(self.connection, self,
  File "/Library/Frameworks/Python.framework/Versions/3.8/lib/python3.8/site-packages/snowflake/connector/errors.py", line 97, in errorhandler_wrapper
    cursor.errorhandler(connection, cursor, errorclass, errorvalue)
  File "/Library/Frameworks/Python.framework/Versions/3.8/lib/python3.8/site-packages/snowflake/connector/errors.py", line 68, in default_errorhandler
    raise errorclass(
snowflake.connector.errors.ProgrammingError: 001003 (42000): SQL compilation error:
syntax error line 1 at position 39 unexpected '-'.

During handling of the above exception, another exception occurred:

Traceback (most recent call last):
  File "/Library/Frameworks/Python.framework/Versions/3.8/lib/python3.8/site-packages/dbt/adapters/snowflake/impl.py", line 100, in list_schemas
    results = self.execute_macro(
  File "/Library/Frameworks/Python.framework/Versions/3.8/lib/python3.8/site-packages/dbt/adapters/base/impl.py", line 976, in execute_macro
    result = macro_function(**kwargs)
  File "/Library/Frameworks/Python.framework/Versions/3.8/lib/python3.8/site-packages/dbt/clients/jinja.py", line 327, in __call__
    return self.call_macro(*args, **kwargs)
  File "/Library/Frameworks/Python.framework/Versions/3.8/lib/python3.8/site-packages/dbt/clients/jinja.py", line 257, in call_macro
    return macro(*args, **kwargs)
  File "/Library/Frameworks/Python.framework/Versions/3.8/lib/python3.8/site-packages/jinja2/runtime.py", line 675, in __call__
    return self._invoke(arguments, autoescape)
  File "/Library/Frameworks/Python.framework/Versions/3.8/lib/python3.8/site-packages/jinja2/runtime.py", line 679, in _invoke
    rv = self._func(*arguments)
  File "<template>", line 20, in macro
  File "/Library/Frameworks/Python.framework/Versions/3.8/lib/python3.8/site-packages/jinja2/sandbox.py", line 462, in call
    return __context.call(__obj, *args, **kwargs)
  File "/Library/Frameworks/Python.framework/Versions/3.8/lib/python3.8/site-packages/jinja2/runtime.py", line 290, in call
    return __obj(*args, **kwargs)
  File "/Library/Frameworks/Python.framework/Versions/3.8/lib/python3.8/site-packages/dbt/clients/jinja.py", line 327, in __call__
    return self.call_macro(*args, **kwargs)
  File "/Library/Frameworks/Python.framework/Versions/3.8/lib/python3.8/site-packages/dbt/clients/jinja.py", line 257, in call_macro
    return macro(*args, **kwargs)
  File "/Library/Frameworks/Python.framework/Versions/3.8/lib/python3.8/site-packages/jinja2/runtime.py", line 675, in __call__
    return self._invoke(arguments, autoescape)
  File "/Library/Frameworks/Python.framework/Versions/3.8/lib/python3.8/site-packages/jinja2/runtime.py", line 679, in _invoke
    rv = self._func(*arguments)
  File "<template>", line 96, in macro
  File "/Library/Frameworks/Python.framework/Versions/3.8/lib/python3.8/site-packages/jinja2/sandbox.py", line 462, in call
    return __context.call(__obj, *args, **kwargs)
  File "/Library/Frameworks/Python.framework/Versions/3.8/lib/python3.8/site-packages/jinja2/runtime.py", line 290, in call
    return __obj(*args, **kwargs)
  File "/Library/Frameworks/Python.framework/Versions/3.8/lib/python3.8/site-packages/dbt/clients/jinja.py", line 327, in __call__
    return self.call_macro(*args, **kwargs)
  File "/Library/Frameworks/Python.framework/Versions/3.8/lib/python3.8/site-packages/dbt/clients/jinja.py", line 257, in call_macro
    return macro(*args, **kwargs)
  File "/Library/Frameworks/Python.framework/Versions/3.8/lib/python3.8/site-packages/jinja2/runtime.py", line 675, in __call__
    return self._invoke(arguments, autoescape)
  File "/Library/Frameworks/Python.framework/Versions/3.8/lib/python3.8/site-packages/jinja2/runtime.py", line 679, in _invoke
    rv = self._func(*arguments)
  File "<template>", line 42, in macro
  File "/Library/Frameworks/Python.framework/Versions/3.8/lib/python3.8/site-packages/jinja2/sandbox.py", line 462, in call
    return __context.call(__obj, *args, **kwargs)
  File "/Library/Frameworks/Python.framework/Versions/3.8/lib/python3.8/site-packages/jinja2/runtime.py", line 290, in call
    return __obj(*args, **kwargs)
  File "/Library/Frameworks/Python.framework/Versions/3.8/lib/python3.8/site-packages/dbt/clients/jinja.py", line 327, in __call__
    return self.call_macro(*args, **kwargs)
  File "/Library/Frameworks/Python.framework/Versions/3.8/lib/python3.8/site-packages/dbt/clients/jinja.py", line 257, in call_macro
    return macro(*args, **kwargs)
  File "/Library/Frameworks/Python.framework/Versions/3.8/lib/python3.8/site-packages/jinja2/runtime.py", line 675, in __call__
    return self._invoke(arguments, autoescape)
  File "/Library/Frameworks/Python.framework/Versions/3.8/lib/python3.8/site-packages/jinja2/runtime.py", line 679, in _invoke
    rv = self._func(*arguments)
  File "<template>", line 33, in macro
  File "/Library/Frameworks/Python.framework/Versions/3.8/lib/python3.8/site-packages/jinja2/sandbox.py", line 462, in call
    return __context.call(__obj, *args, **kwargs)
  File "/Library/Frameworks/Python.framework/Versions/3.8/lib/python3.8/site-packages/jinja2/runtime.py", line 290, in call
    return __obj(*args, **kwargs)
  File "/Library/Frameworks/Python.framework/Versions/3.8/lib/python3.8/site-packages/dbt/clients/jinja.py", line 327, in __call__
    return self.call_macro(*args, **kwargs)
  File "/Library/Frameworks/Python.framework/Versions/3.8/lib/python3.8/site-packages/dbt/clients/jinja.py", line 257, in call_macro
    return macro(*args, **kwargs)
  File "/Library/Frameworks/Python.framework/Versions/3.8/lib/python3.8/site-packages/jinja2/runtime.py", line 675, in __call__
    return self._invoke(arguments, autoescape)
  File "/Library/Frameworks/Python.framework/Versions/3.8/lib/python3.8/site-packages/jinja2/runtime.py", line 679, in _invoke
    rv = self._func(*arguments)
  File "<template>", line 41, in macro
  File "/Library/Frameworks/Python.framework/Versions/3.8/lib/python3.8/site-packages/jinja2/sandbox.py", line 462, in call
    return __context.call(__obj, *args, **kwargs)
  File "/Library/Frameworks/Python.framework/Versions/3.8/lib/python3.8/site-packages/jinja2/runtime.py", line 290, in call
    return __obj(*args, **kwargs)
  File "/Library/Frameworks/Python.framework/Versions/3.8/lib/python3.8/site-packages/dbt/adapters/base/impl.py", line 225, in execute
    return self.connections.execute(
  File "/Library/Frameworks/Python.framework/Versions/3.8/lib/python3.8/site-packages/dbt/adapters/sql/connections.py", line 119, in execute
    _, cursor = self.add_query(sql, auto_begin)
  File "/Library/Frameworks/Python.framework/Versions/3.8/lib/python3.8/site-packages/dbt/adapters/snowflake/connections.py", line 303, in add_query
    connection, cursor = super().add_query(
  File "/Library/Frameworks/Python.framework/Versions/3.8/lib/python3.8/site-packages/dbt/adapters/sql/connections.py", line 82, in add_query
    return connection, cursor
  File "/Library/Frameworks/Python.framework/Versions/3.8/lib/python3.8/contextlib.py", line 131, in __exit__
    self.gen.throw(type, value, traceback)
  File "/Library/Frameworks/Python.framework/Versions/3.8/lib/python3.8/site-packages/dbt/adapters/snowflake/connections.py", line 177, in exception_handler
    raise DatabaseException(msg)
dbt.exceptions.DatabaseException: Database Error
  001003 (42000): SQL compilation error:
  syntax error line 1 at position 39 unexpected '-'.

During handling of the above exception, another exception occurred:

Traceback (most recent call last):
  File "/Library/Frameworks/Python.framework/Versions/3.8/lib/python3.8/site-packages/dbt/main.py", line 81, in main
    results, succeeded = handle_and_check(args)
  File "/Library/Frameworks/Python.framework/Versions/3.8/lib/python3.8/site-packages/dbt/main.py", line 159, in handle_and_check
    task, res = run_from_args(parsed)
  File "/Library/Frameworks/Python.framework/Versions/3.8/lib/python3.8/site-packages/dbt/main.py", line 212, in run_from_args
    results = task.run()
  File "/Library/Frameworks/Python.framework/Versions/3.8/lib/python3.8/site-packages/dbt/task/runnable.py", line 408, in run
    result = self.execute_with_hooks(selected_uids)
  File "/Library/Frameworks/Python.framework/Versions/3.8/lib/python3.8/site-packages/dbt/task/runnable.py", line 368, in execute_with_hooks
    self.before_run(adapter, selected_uids)
  File "/Library/Frameworks/Python.framework/Versions/3.8/lib/python3.8/site-packages/dbt/task/run.py", line 203, in before_run
    self.create_schemas(adapter, selected_uids)
  File "/Library/Frameworks/Python.framework/Versions/3.8/lib/python3.8/site-packages/dbt/task/runnable.py", line 488, in create_schemas
    existing_schemas_lowered.update(ls_future.result())
  File "/Library/Frameworks/Python.framework/Versions/3.8/lib/python3.8/concurrent/futures/_base.py", line 432, in result
    return self.__get_result()
  File "/Library/Frameworks/Python.framework/Versions/3.8/lib/python3.8/concurrent/futures/_base.py", line 388, in __get_result
    raise self._exception
  File "/Library/Frameworks/Python.framework/Versions/3.8/lib/python3.8/concurrent/futures/thread.py", line 57, in run
    result = self.fn(*self.args, **self.kwargs)
  File "/Library/Frameworks/Python.framework/Versions/3.8/lib/python3.8/site-packages/dbt/task/runnable.py", line 469, in list_schemas
    for s in adapter.list_schemas(database_quoted)
  File "/Library/Frameworks/Python.framework/Versions/3.8/lib/python3.8/site-packages/dbt/adapters/snowflake/impl.py", line 109, in list_schemas
    raise RuntimeException(msg)
dbt.exceptions.RuntimeException: Runtime Error
  Database error while listing schemas in database "culdesac-labs"
  Database Error
    001003 (42000): SQL compilation error:
    syntax error line 1 at position 39 unexpected '-'.

2020-07-30 22:41:00.708653 (MainThread): Running with dbt=0.17.1
2020-07-30 22:41:00.966644 (MainThread): running dbt with arguments Namespace(cls=<class 'dbt.task.compile.CompileTask'>, debug=False, exclude=None, full_refresh=False, log_cache_events=False, log_format='default', models=None, parse_only=False, partial_parse=None, profile=None, profiles_dir='/Users/kristin/.dbt', project_dir=None, record_timing_info=None, rpc_method='compile', single_threaded=False, strict=False, target=None, test_new_parser=False, threads=None, use_cache=True, vars='{}', version_check=True, warn_error=False, which='compile', write_json=True)
2020-07-30 22:41:00.967359 (MainThread): Tracking: tracking
2020-07-30 22:41:00.967706 (MainThread): Sending event: {'category': 'dbt', 'action': 'invocation', 'label': 'start', 'context': [<snowplow_tracker.self_describing_json.SelfDescribingJson object at 0x105f18970>, <snowplow_tracker.self_describing_json.SelfDescribingJson object at 0x103a730d0>, <snowplow_tracker.self_describing_json.SelfDescribingJson object at 0x105f26490>]}
2020-07-30 22:41:00.986778 (MainThread): Partial parsing not enabled
2020-07-30 22:41:00.988228 (MainThread): Parsing macros/core.sql
2020-07-30 22:41:00.992438 (MainThread): Parsing macros/materializations/helpers.sql
2020-07-30 22:41:00.999357 (MainThread): Parsing macros/materializations/snapshot/snapshot_merge.sql
2020-07-30 22:41:01.000860 (MainThread): Parsing macros/materializations/snapshot/strategies.sql
2020-07-30 22:41:01.015080 (MainThread): Parsing macros/materializations/snapshot/snapshot.sql
2020-07-30 22:41:01.041025 (MainThread): Parsing macros/materializations/seed/seed.sql
2020-07-30 22:41:01.058871 (MainThread): Parsing macros/materializations/incremental/helpers.sql
2020-07-30 22:41:01.060403 (MainThread): Parsing macros/materializations/incremental/incremental.sql
2020-07-30 22:41:01.068439 (MainThread): Parsing macros/materializations/common/merge.sql
2020-07-30 22:41:01.080672 (MainThread): Parsing macros/materializations/table/table.sql
2020-07-30 22:41:01.086577 (MainThread): Parsing macros/materializations/view/view.sql
2020-07-30 22:41:01.092160 (MainThread): Parsing macros/materializations/view/create_or_replace_view.sql
2020-07-30 22:41:01.096229 (MainThread): Parsing macros/etc/get_custom_alias.sql
2020-07-30 22:41:01.097018 (MainThread): Parsing macros/etc/query.sql
2020-07-30 22:41:01.097890 (MainThread): Parsing macros/etc/is_incremental.sql
2020-07-30 22:41:01.099235 (MainThread): Parsing macros/etc/datetime.sql
2020-07-30 22:41:01.106921 (MainThread): Parsing macros/etc/get_custom_schema.sql
2020-07-30 22:41:01.108559 (MainThread): Parsing macros/etc/get_custom_database.sql
2020-07-30 22:41:01.109929 (MainThread): Parsing macros/adapters/common.sql
2020-07-30 22:41:01.151825 (MainThread): Parsing macros/schema_tests/relationships.sql
2020-07-30 22:41:01.152776 (MainThread): Parsing macros/schema_tests/not_null.sql
2020-07-30 22:41:01.153531 (MainThread): Parsing macros/schema_tests/unique.sql
2020-07-30 22:41:01.154426 (MainThread): Parsing macros/schema_tests/accepted_values.sql
2020-07-30 22:41:01.156651 (MainThread): Parsing macros/catalog.sql
2020-07-30 22:41:01.158234 (MainThread): Parsing macros/adapters.sql
2020-07-30 22:41:01.176496 (MainThread): Parsing macros/materializations/merge.sql
2020-07-30 22:41:01.178151 (MainThread): Parsing macros/materializations/view.sql
2020-07-30 22:41:01.179140 (MainThread): Parsing macros/materializations/table.sql
2020-07-30 22:41:01.182244 (MainThread): Parsing macros/materializations/incremental.sql
2020-07-30 22:41:01.237447 (MainThread): Partial parsing not enabled
2020-07-30 22:41:01.237738 (MainThread): Parsing macros/enabled_vars.sql
2020-07-30 22:41:01.240195 (MainThread): Parsing macros/cross_db_utils/except.sql
2020-07-30 22:41:01.241075 (MainThread): Parsing macros/cross_db_utils/replace.sql
2020-07-30 22:41:01.242195 (MainThread): Parsing macros/cross_db_utils/concat.sql
2020-07-30 22:41:01.244043 (MainThread): Parsing macros/cross_db_utils/datatypes.sql
2020-07-30 22:41:01.248807 (MainThread): Parsing macros/cross_db_utils/_is_relation.sql
2020-07-30 22:41:01.249835 (MainThread): Parsing macros/cross_db_utils/length.sql
2020-07-30 22:41:01.250918 (MainThread): Parsing macros/cross_db_utils/dateadd.sql
2020-07-30 22:41:01.252925 (MainThread): Parsing macros/cross_db_utils/intersect.sql
2020-07-30 22:41:01.253804 (MainThread): Parsing macros/cross_db_utils/right.sql
2020-07-30 22:41:01.256004 (MainThread): Parsing macros/cross_db_utils/datediff.sql
2020-07-30 22:41:01.264548 (MainThread): Parsing macros/cross_db_utils/safe_cast.sql
2020-07-30 22:41:01.266310 (MainThread): Parsing macros/cross_db_utils/hash.sql
2020-07-30 22:41:01.267506 (MainThread): Parsing macros/cross_db_utils/identifier.sql
2020-07-30 22:41:01.268715 (MainThread): Parsing macros/cross_db_utils/position.sql
2020-07-30 22:41:01.270018 (MainThread): Parsing macros/cross_db_utils/literal.sql
2020-07-30 22:41:01.270810 (MainThread): Parsing macros/cross_db_utils/current_timestamp.sql
2020-07-30 22:41:01.273906 (MainThread): Parsing macros/cross_db_utils/width_bucket.sql
2020-07-30 22:41:01.278447 (MainThread): Parsing macros/cross_db_utils/last_day.sql
2020-07-30 22:41:01.280754 (MainThread): Parsing macros/cross_db_utils/split_part.sql
2020-07-30 22:41:01.282309 (MainThread): Parsing macros/cross_db_utils/date_trunc.sql
2020-07-30 22:41:01.283562 (MainThread): Parsing macros/cross_db_utils/_is_ephemeral.sql
2020-07-30 22:41:01.285065 (MainThread): Parsing macros/materializations/insert_by_period_materialization.sql
2020-07-30 22:41:01.305583 (MainThread): Parsing macros/logger/pretty_log_format.sql
2020-07-30 22:41:01.306172 (MainThread): Parsing macros/logger/pretty_time.sql
2020-07-30 22:41:01.306805 (MainThread): Parsing macros/logger/log_info.sql
2020-07-30 22:41:01.307392 (MainThread): Parsing macros/datetime/date_spine.sql
2020-07-30 22:41:01.310227 (MainThread): Parsing macros/web/get_url_host.sql
2020-07-30 22:41:01.311372 (MainThread): Parsing macros/web/get_url_path.sql
2020-07-30 22:41:01.313205 (MainThread): Parsing macros/web/get_url_parameter.sql
2020-07-30 22:41:01.314164 (MainThread): Parsing macros/geo/haversine_distance.sql
2020-07-30 22:41:01.314952 (MainThread): Parsing macros/schema_tests/equal_rowcount.sql
2020-07-30 22:41:01.316042 (MainThread): Parsing macros/schema_tests/relationships_where.sql
2020-07-30 22:41:01.317780 (MainThread): Parsing macros/schema_tests/recency.sql
2020-07-30 22:41:01.318838 (MainThread): Parsing macros/schema_tests/not_constant.sql
2020-07-30 22:41:01.319702 (MainThread): Parsing macros/schema_tests/test_unique_where.sql
2020-07-30 22:41:01.321026 (MainThread): Parsing macros/schema_tests/at_least_one.sql
2020-07-30 22:41:01.321878 (MainThread): Parsing macros/schema_tests/unique_combination_of_columns.sql
2020-07-30 22:41:01.323127 (MainThread): Parsing macros/schema_tests/cardinality_equality.sql
2020-07-30 22:41:01.324382 (MainThread): Parsing macros/schema_tests/expression_is_true.sql
2020-07-30 22:41:01.325363 (MainThread): Parsing macros/schema_tests/test_not_null_where.sql
2020-07-30 22:41:01.326536 (MainThread): Parsing macros/schema_tests/equality.sql
2020-07-30 22:41:01.329378 (MainThread): Parsing macros/schema_tests/mutually_exclusive_ranges.sql
2020-07-30 22:41:01.334391 (MainThread): Parsing macros/sql/nullcheck_table.sql
2020-07-30 22:41:01.335417 (MainThread): Parsing macros/sql/get_relations_by_pattern.sql
2020-07-30 22:41:01.337596 (MainThread): Parsing macros/sql/generate_series.sql
2020-07-30 22:41:01.340518 (MainThread): Parsing macros/sql/get_relations_by_prefix.sql
2020-07-30 22:41:01.343596 (MainThread): Parsing macros/sql/get_tables_by_prefix_sql.sql
2020-07-30 22:41:01.345822 (MainThread): Parsing macros/sql/star.sql
2020-07-30 22:41:01.348267 (MainThread): Parsing macros/sql/unpivot.sql
2020-07-30 22:41:01.353591 (MainThread): Parsing macros/sql/union.sql
2020-07-30 22:41:01.362278 (MainThread): Parsing macros/sql/groupby.sql
2020-07-30 22:41:01.363102 (MainThread): Parsing macros/sql/get_tables_by_pattern.sql
2020-07-30 22:41:01.363920 (MainThread): Parsing macros/sql/surrogate_key.sql
2020-07-30 22:41:01.366175 (MainThread): Parsing macros/sql/safe_add.sql
2020-07-30 22:41:01.367071 (MainThread): Parsing macros/sql/nullcheck.sql
2020-07-30 22:41:01.368130 (MainThread): Parsing macros/sql/get_column_values.sql
2020-07-30 22:41:01.371612 (MainThread): Parsing macros/sql/pivot.sql
2020-07-30 22:41:01.374165 (MainThread): Parsing macros/sql/get_query_results_as_dict.sql
2020-07-30 22:41:01.408067 (MainThread): Acquiring new snowflake connection "model.stripe.stripe_subscription_line_items".
2020-07-30 22:41:01.408158 (MainThread): Opening a new connection, currently in state init
2020-07-30 22:41:01.430968 (MainThread): Acquiring new snowflake connection "model.stripe.stripe_weekly_overview".
2020-07-30 22:41:01.431046 (MainThread): Opening a new connection, currently in state init
2020-07-30 22:41:01.441301 (MainThread): Acquiring new snowflake connection "model.stripe.stripe_invoice_line_items".
2020-07-30 22:41:01.441375 (MainThread): Opening a new connection, currently in state init
2020-07-30 22:41:01.454345 (MainThread): Acquiring new snowflake connection "model.stripe.stripe_daily_overview".
2020-07-30 22:41:01.454418 (MainThread): Opening a new connection, currently in state init
2020-07-30 22:41:01.463912 (MainThread): Acquiring new snowflake connection "model.stripe.stripe_customer_overview".
2020-07-30 22:41:01.463985 (MainThread): Opening a new connection, currently in state init
2020-07-30 22:41:01.487383 (MainThread): Acquiring new snowflake connection "model.stripe.stripe_balance_transactions".
2020-07-30 22:41:01.487459 (MainThread): Opening a new connection, currently in state init
2020-07-30 22:41:01.495564 (MainThread): Acquiring new snowflake connection "model.stripe.stripe_quarterly_overview".
2020-07-30 22:41:01.495639 (MainThread): Opening a new connection, currently in state init
2020-07-30 22:41:01.503730 (MainThread): Acquiring new snowflake connection "model.stripe.stripe_monthly_overview".
2020-07-30 22:41:01.503800 (MainThread): Opening a new connection, currently in state init
2020-07-30 22:41:01.512201 (MainThread): Acquiring new snowflake connection "model.stripe.stripe_subscription_details".
2020-07-30 22:41:01.512274 (MainThread): Opening a new connection, currently in state init
2020-07-30 22:41:01.526132 (MainThread): Acquiring new snowflake connection "model.stripe.stripe_balance_transaction_joined".
2020-07-30 22:41:01.526206 (MainThread): Opening a new connection, currently in state init
2020-07-30 22:41:01.543360 (MainThread): Acquiring new snowflake connection "model.stripe.stripe_incomplete_charges".
2020-07-30 22:41:01.543432 (MainThread): Opening a new connection, currently in state init
2020-07-30 22:41:01.839066 (MainThread): Acquiring new snowflake connection "model.stripe_source.stg_stripe_card".
2020-07-30 22:41:01.839189 (MainThread): Opening a new connection, currently in state init
2020-07-30 22:41:01.849550 (MainThread): Acquiring new snowflake connection "model.stripe_source.stg_stripe_invoice_line_item".
2020-07-30 22:41:01.849622 (MainThread): Opening a new connection, currently in state init
2020-07-30 22:41:01.860912 (MainThread): Acquiring new snowflake connection "model.stripe_source.stg_stripe_payment_method_card".
2020-07-30 22:41:01.860984 (MainThread): Opening a new connection, currently in state init
2020-07-30 22:41:01.872393 (MainThread): Acquiring new snowflake connection "model.stripe_source.stg_stripe_charge".
2020-07-30 22:41:01.872468 (MainThread): Opening a new connection, currently in state init
2020-07-30 22:41:01.882853 (MainThread): Acquiring new snowflake connection "model.stripe_source.stg_stripe_payout".
2020-07-30 22:41:01.882924 (MainThread): Opening a new connection, currently in state init
2020-07-30 22:41:01.893313 (MainThread): Acquiring new snowflake connection "model.stripe_source.stg_stripe_customer".
2020-07-30 22:41:01.893384 (MainThread): Opening a new connection, currently in state init
2020-07-30 22:41:01.903898 (MainThread): Acquiring new snowflake connection "model.stripe_source.stg_stripe_refund".
2020-07-30 22:41:01.903969 (MainThread): Opening a new connection, currently in state init
2020-07-30 22:41:01.914302 (MainThread): Acquiring new snowflake connection "model.stripe_source.stg_stripe_subscription".
2020-07-30 22:41:01.914373 (MainThread): Opening a new connection, currently in state init
2020-07-30 22:41:01.925514 (MainThread): Acquiring new snowflake connection "model.stripe_source.stg_stripe_payment_method".
2020-07-30 22:41:01.925587 (MainThread): Opening a new connection, currently in state init
2020-07-30 22:41:01.936471 (MainThread): Acquiring new snowflake connection "model.stripe_source.stg_stripe_payment_intent".
2020-07-30 22:41:01.936541 (MainThread): Opening a new connection, currently in state init
2020-07-30 22:41:01.946817 (MainThread): Acquiring new snowflake connection "model.stripe_source.stg_stripe_invoice".
2020-07-30 22:41:01.946903 (MainThread): Opening a new connection, currently in state init
2020-07-30 22:41:01.958199 (MainThread): Acquiring new snowflake connection "model.stripe_source.stg_stripe_fee".
2020-07-30 22:41:01.958270 (MainThread): Opening a new connection, currently in state init
2020-07-30 22:41:01.968547 (MainThread): Acquiring new snowflake connection "model.stripe_source.stg_stripe_balance_transaction".
2020-07-30 22:41:01.968618 (MainThread): Opening a new connection, currently in state init
2020-07-30 22:41:01.979529 (MainThread): Acquiring new snowflake connection "model.stripe_source.stg_stripe_plan".
2020-07-30 22:41:01.979600 (MainThread): Opening a new connection, currently in state init
2020-07-30 22:41:02.741574 (MainThread): WARNING: Found documentation for resource "payment_method_card" which was not found or is disabled
2020-07-30 22:41:03.025209 (MainThread): Found 25 models, 36 tests, 0 snapshots, 0 analyses, 269 macros, 0 operations, 0 seed files, 14 sources
2020-07-30 22:41:03.030018 (MainThread): 
2020-07-30 22:41:03.031322 (MainThread): Acquiring new snowflake connection "master".
2020-07-30 22:41:03.031964 (MainThread): Opening a new connection, currently in state init
2020-07-30 22:41:03.100053 (ThreadPoolExecutor-0_0): Acquiring new snowflake connection "list_culdesac-labs_STRIPE".
2020-07-30 22:41:03.100175 (ThreadPoolExecutor-0_0): Opening a new connection, currently in state init
2020-07-30 22:41:03.110183 (ThreadPoolExecutor-0_0): Using snowflake connection "list_culdesac-labs_STRIPE".
2020-07-30 22:41:03.110260 (ThreadPoolExecutor-0_0): On list_culdesac-labs_STRIPE: /* {"app": "dbt", "dbt_version": "0.17.1", "profile_name": "integration_test", "target_name": "dev_snowflake", "connection_name": "list_culdesac-labs_STRIPE"} */

    show terse objects in culdesac-labs.STRIPE
2020-07-30 22:41:03.361104 (ThreadPoolExecutor-0_0): unclosed file <_io.BufferedReader name='/Library/Frameworks/Python.framework/Versions/3.8/lib/python3.8/site-packages/certifi/cacert.pem'>
2020-07-30 22:41:03.885459 (ThreadPoolExecutor-0_0): Snowflake query id: 0195ebf1-038b-391d-0000-05053288174a
2020-07-30 22:41:03.885678 (ThreadPoolExecutor-0_0): Snowflake error: 001003 (42000): SQL compilation error:
syntax error line 1 at position 30 unexpected '-'.
2020-07-30 22:41:03.885924 (ThreadPoolExecutor-0_0): Error running SQL: macro list_relations_without_caching
2020-07-30 22:41:03.886058 (ThreadPoolExecutor-0_0): Rolling back transaction.
2020-07-30 22:41:03.886710 (ThreadPoolExecutor-0_0): Acquiring new snowflake connection "list_DBT_PACKAGE_TESTING_STRIPE".
2020-07-30 22:41:03.886860 (ThreadPoolExecutor-0_0): Re-using an available connection from the pool (formerly list_culdesac-labs_STRIPE).
2020-07-30 22:41:03.889424 (ThreadPoolExecutor-0_0): Using snowflake connection "list_DBT_PACKAGE_TESTING_STRIPE".
2020-07-30 22:41:03.889722 (ThreadPoolExecutor-0_0): On list_DBT_PACKAGE_TESTING_STRIPE: /* {"app": "dbt", "dbt_version": "0.17.1", "profile_name": "integration_test", "target_name": "dev_snowflake", "connection_name": "list_DBT_PACKAGE_TESTING_STRIPE"} */

    show terse objects in DBT_PACKAGE_TESTING.STRIPE
2020-07-30 22:41:04.074172 (ThreadPoolExecutor-0_0): SQL status: SUCCESS 44 in 0.18 seconds
2020-07-30 22:41:04.112801 (MainThread): Connection 'master' was properly closed.
2020-07-30 22:41:04.112900 (MainThread): Connection 'list_DBT_PACKAGE_TESTING_STRIPE' was left open.
2020-07-30 22:41:04.112975 (MainThread): On list_DBT_PACKAGE_TESTING_STRIPE: Close
2020-07-30 22:41:04.311405 (MainThread): Sending event: {'category': 'dbt', 'action': 'invocation', 'label': 'end', 'context': [<snowplow_tracker.self_describing_json.SelfDescribingJson object at 0x106158c10>, <snowplow_tracker.self_describing_json.SelfDescribingJson object at 0x1063d9220>, <snowplow_tracker.self_describing_json.SelfDescribingJson object at 0x1063d9100>]}
2020-07-30 22:41:04.311724 (MainThread): Flushing usage events
2020-07-30 22:41:04.799966 (MainThread): Encountered an error:
2020-07-30 22:41:04.800169 (MainThread): Database Error
  001003 (42000): SQL compilation error:
  syntax error line 1 at position 30 unexpected '-'.
2020-07-30 22:41:04.804463 (MainThread): Traceback (most recent call last):
  File "/Library/Frameworks/Python.framework/Versions/3.8/lib/python3.8/site-packages/dbt/adapters/snowflake/connections.py", line 158, in exception_handler
    yield
  File "/Library/Frameworks/Python.framework/Versions/3.8/lib/python3.8/site-packages/dbt/adapters/sql/connections.py", line 74, in add_query
    cursor.execute(sql, bindings)
  File "/Library/Frameworks/Python.framework/Versions/3.8/lib/python3.8/site-packages/snowflake/connector/cursor.py", line 595, in execute
    Error.errorhandler_wrapper(self.connection, self,
  File "/Library/Frameworks/Python.framework/Versions/3.8/lib/python3.8/site-packages/snowflake/connector/errors.py", line 97, in errorhandler_wrapper
    cursor.errorhandler(connection, cursor, errorclass, errorvalue)
  File "/Library/Frameworks/Python.framework/Versions/3.8/lib/python3.8/site-packages/snowflake/connector/errors.py", line 68, in default_errorhandler
    raise errorclass(
snowflake.connector.errors.ProgrammingError: 001003 (42000): SQL compilation error:
syntax error line 1 at position 30 unexpected '-'.

During handling of the above exception, another exception occurred:

Traceback (most recent call last):
  File "/Library/Frameworks/Python.framework/Versions/3.8/lib/python3.8/site-packages/dbt/main.py", line 81, in main
    results, succeeded = handle_and_check(args)
  File "/Library/Frameworks/Python.framework/Versions/3.8/lib/python3.8/site-packages/dbt/main.py", line 159, in handle_and_check
    task, res = run_from_args(parsed)
  File "/Library/Frameworks/Python.framework/Versions/3.8/lib/python3.8/site-packages/dbt/main.py", line 212, in run_from_args
    results = task.run()
  File "/Library/Frameworks/Python.framework/Versions/3.8/lib/python3.8/site-packages/dbt/task/runnable.py", line 408, in run
    result = self.execute_with_hooks(selected_uids)
  File "/Library/Frameworks/Python.framework/Versions/3.8/lib/python3.8/site-packages/dbt/task/runnable.py", line 368, in execute_with_hooks
    self.before_run(adapter, selected_uids)
  File "/Library/Frameworks/Python.framework/Versions/3.8/lib/python3.8/site-packages/dbt/task/runnable.py", line 355, in before_run
    self.populate_adapter_cache(adapter)
  File "/Library/Frameworks/Python.framework/Versions/3.8/lib/python3.8/site-packages/dbt/task/runnable.py", line 348, in populate_adapter_cache
    adapter.set_relations_cache(self.manifest)
  File "/Library/Frameworks/Python.framework/Versions/3.8/lib/python3.8/site-packages/dbt/adapters/base/impl.py", line 361, in set_relations_cache
    self._relations_cache_for_schemas(manifest)
  File "/Library/Frameworks/Python.framework/Versions/3.8/lib/python3.8/site-packages/dbt/adapters/base/impl.py", line 338, in _relations_cache_for_schemas
    for relation in future.result():
  File "/Library/Frameworks/Python.framework/Versions/3.8/lib/python3.8/concurrent/futures/_base.py", line 432, in result
    return self.__get_result()
  File "/Library/Frameworks/Python.framework/Versions/3.8/lib/python3.8/concurrent/futures/_base.py", line 388, in __get_result
    raise self._exception
  File "/Library/Frameworks/Python.framework/Versions/3.8/lib/python3.8/concurrent/futures/thread.py", line 57, in run
    result = self.fn(*self.args, **self.kwargs)
  File "/Library/Frameworks/Python.framework/Versions/3.8/lib/python3.8/site-packages/dbt/adapters/base/impl.py", line 320, in _list_relations_get_connection
    return self.list_relations_without_caching(schema_relation)
  File "/Library/Frameworks/Python.framework/Versions/3.8/lib/python3.8/site-packages/dbt/adapters/snowflake/impl.py", line 129, in list_relations_without_caching
    results = self.execute_macro(
  File "/Library/Frameworks/Python.framework/Versions/3.8/lib/python3.8/site-packages/dbt/adapters/base/impl.py", line 976, in execute_macro
    result = macro_function(**kwargs)
  File "/Library/Frameworks/Python.framework/Versions/3.8/lib/python3.8/site-packages/dbt/clients/jinja.py", line 327, in __call__
    return self.call_macro(*args, **kwargs)
  File "/Library/Frameworks/Python.framework/Versions/3.8/lib/python3.8/site-packages/dbt/clients/jinja.py", line 257, in call_macro
    return macro(*args, **kwargs)
  File "/Library/Frameworks/Python.framework/Versions/3.8/lib/python3.8/site-packages/jinja2/runtime.py", line 675, in __call__
    return self._invoke(arguments, autoescape)
  File "/Library/Frameworks/Python.framework/Versions/3.8/lib/python3.8/site-packages/jinja2/runtime.py", line 679, in _invoke
    rv = self._func(*arguments)
  File "<template>", line 21, in macro
  File "/Library/Frameworks/Python.framework/Versions/3.8/lib/python3.8/site-packages/jinja2/sandbox.py", line 462, in call
    return __context.call(__obj, *args, **kwargs)
  File "/Library/Frameworks/Python.framework/Versions/3.8/lib/python3.8/site-packages/jinja2/runtime.py", line 290, in call
    return __obj(*args, **kwargs)
  File "/Library/Frameworks/Python.framework/Versions/3.8/lib/python3.8/site-packages/dbt/clients/jinja.py", line 327, in __call__
    return self.call_macro(*args, **kwargs)
  File "/Library/Frameworks/Python.framework/Versions/3.8/lib/python3.8/site-packages/dbt/clients/jinja.py", line 257, in call_macro
    return macro(*args, **kwargs)
  File "/Library/Frameworks/Python.framework/Versions/3.8/lib/python3.8/site-packages/jinja2/runtime.py", line 675, in __call__
    return self._invoke(arguments, autoescape)
  File "/Library/Frameworks/Python.framework/Versions/3.8/lib/python3.8/site-packages/jinja2/runtime.py", line 679, in _invoke
    rv = self._func(*arguments)
  File "<template>", line 96, in macro
  File "/Library/Frameworks/Python.framework/Versions/3.8/lib/python3.8/site-packages/jinja2/sandbox.py", line 462, in call
    return __context.call(__obj, *args, **kwargs)
  File "/Library/Frameworks/Python.framework/Versions/3.8/lib/python3.8/site-packages/jinja2/runtime.py", line 290, in call
    return __obj(*args, **kwargs)
  File "/Library/Frameworks/Python.framework/Versions/3.8/lib/python3.8/site-packages/dbt/clients/jinja.py", line 327, in __call__
    return self.call_macro(*args, **kwargs)
  File "/Library/Frameworks/Python.framework/Versions/3.8/lib/python3.8/site-packages/dbt/clients/jinja.py", line 257, in call_macro
    return macro(*args, **kwargs)
  File "/Library/Frameworks/Python.framework/Versions/3.8/lib/python3.8/site-packages/jinja2/runtime.py", line 675, in __call__
    return self._invoke(arguments, autoescape)
  File "/Library/Frameworks/Python.framework/Versions/3.8/lib/python3.8/site-packages/jinja2/runtime.py", line 679, in _invoke
    rv = self._func(*arguments)
  File "<template>", line 30, in macro
  File "/Library/Frameworks/Python.framework/Versions/3.8/lib/python3.8/site-packages/jinja2/sandbox.py", line 462, in call
    return __context.call(__obj, *args, **kwargs)
  File "/Library/Frameworks/Python.framework/Versions/3.8/lib/python3.8/site-packages/jinja2/runtime.py", line 290, in call
    return __obj(*args, **kwargs)
  File "/Library/Frameworks/Python.framework/Versions/3.8/lib/python3.8/site-packages/dbt/clients/jinja.py", line 327, in __call__
    return self.call_macro(*args, **kwargs)
  File "/Library/Frameworks/Python.framework/Versions/3.8/lib/python3.8/site-packages/dbt/clients/jinja.py", line 257, in call_macro
    return macro(*args, **kwargs)
  File "/Library/Frameworks/Python.framework/Versions/3.8/lib/python3.8/site-packages/jinja2/runtime.py", line 675, in __call__
    return self._invoke(arguments, autoescape)
  File "/Library/Frameworks/Python.framework/Versions/3.8/lib/python3.8/site-packages/jinja2/runtime.py", line 679, in _invoke
    rv = self._func(*arguments)
  File "<template>", line 33, in macro
  File "/Library/Frameworks/Python.framework/Versions/3.8/lib/python3.8/site-packages/jinja2/sandbox.py", line 462, in call
    return __context.call(__obj, *args, **kwargs)
  File "/Library/Frameworks/Python.framework/Versions/3.8/lib/python3.8/site-packages/jinja2/runtime.py", line 290, in call
    return __obj(*args, **kwargs)
  File "/Library/Frameworks/Python.framework/Versions/3.8/lib/python3.8/site-packages/dbt/clients/jinja.py", line 327, in __call__
    return self.call_macro(*args, **kwargs)
  File "/Library/Frameworks/Python.framework/Versions/3.8/lib/python3.8/site-packages/dbt/clients/jinja.py", line 257, in call_macro
    return macro(*args, **kwargs)
  File "/Library/Frameworks/Python.framework/Versions/3.8/lib/python3.8/site-packages/jinja2/runtime.py", line 675, in __call__
    return self._invoke(arguments, autoescape)
  File "/Library/Frameworks/Python.framework/Versions/3.8/lib/python3.8/site-packages/jinja2/runtime.py", line 679, in _invoke
    rv = self._func(*arguments)
  File "<template>", line 41, in macro
  File "/Library/Frameworks/Python.framework/Versions/3.8/lib/python3.8/site-packages/jinja2/sandbox.py", line 462, in call
    return __context.call(__obj, *args, **kwargs)
  File "/Library/Frameworks/Python.framework/Versions/3.8/lib/python3.8/site-packages/jinja2/runtime.py", line 290, in call
    return __obj(*args, **kwargs)
  File "/Library/Frameworks/Python.framework/Versions/3.8/lib/python3.8/site-packages/dbt/adapters/base/impl.py", line 225, in execute
    return self.connections.execute(
  File "/Library/Frameworks/Python.framework/Versions/3.8/lib/python3.8/site-packages/dbt/adapters/sql/connections.py", line 119, in execute
    _, cursor = self.add_query(sql, auto_begin)
  File "/Library/Frameworks/Python.framework/Versions/3.8/lib/python3.8/site-packages/dbt/adapters/snowflake/connections.py", line 303, in add_query
    connection, cursor = super().add_query(
  File "/Library/Frameworks/Python.framework/Versions/3.8/lib/python3.8/site-packages/dbt/adapters/sql/connections.py", line 82, in add_query
    return connection, cursor
  File "/Library/Frameworks/Python.framework/Versions/3.8/lib/python3.8/contextlib.py", line 131, in __exit__
    self.gen.throw(type, value, traceback)
  File "/Library/Frameworks/Python.framework/Versions/3.8/lib/python3.8/site-packages/dbt/adapters/snowflake/connections.py", line 177, in exception_handler
    raise DatabaseException(msg)
dbt.exceptions.DatabaseException: Database Error
  001003 (42000): SQL compilation error:
  syntax error line 1 at position 30 unexpected '-'.

2020-07-30 22:44:17.926445 (MainThread): Running with dbt=0.17.1
2020-07-30 22:44:18.183651 (MainThread): running dbt with arguments Namespace(cls=<class 'dbt.task.run.RunTask'>, debug=False, exclude=None, fail_fast=False, full_refresh=False, log_cache_events=False, log_format='default', models=None, partial_parse=None, profile=None, profiles_dir='/Users/kristin/.dbt', project_dir=None, record_timing_info=None, rpc_method='run', single_threaded=False, strict=False, target=None, test_new_parser=False, threads=None, use_cache=True, vars='{}', version_check=True, warn_error=False, which='run', write_json=True)
2020-07-30 22:44:18.184413 (MainThread): Tracking: tracking
2020-07-30 22:44:18.184738 (MainThread): Sending event: {'category': 'dbt', 'action': 'invocation', 'label': 'start', 'context': [<snowplow_tracker.self_describing_json.SelfDescribingJson object at 0x10613b9a0>, <snowplow_tracker.self_describing_json.SelfDescribingJson object at 0x103d9a0a0>, <snowplow_tracker.self_describing_json.SelfDescribingJson object at 0x106148460>]}
2020-07-30 22:44:18.203445 (MainThread): Partial parsing not enabled
2020-07-30 22:44:18.204918 (MainThread): Parsing macros/core.sql
2020-07-30 22:44:18.208803 (MainThread): Parsing macros/materializations/helpers.sql
2020-07-30 22:44:18.215928 (MainThread): Parsing macros/materializations/snapshot/snapshot_merge.sql
2020-07-30 22:44:18.217486 (MainThread): Parsing macros/materializations/snapshot/strategies.sql
2020-07-30 22:44:18.231756 (MainThread): Parsing macros/materializations/snapshot/snapshot.sql
2020-07-30 22:44:18.257641 (MainThread): Parsing macros/materializations/seed/seed.sql
2020-07-30 22:44:18.278354 (MainThread): Parsing macros/materializations/incremental/helpers.sql
2020-07-30 22:44:18.279978 (MainThread): Parsing macros/materializations/incremental/incremental.sql
2020-07-30 22:44:18.285461 (MainThread): Parsing macros/materializations/common/merge.sql
2020-07-30 22:44:18.297536 (MainThread): Parsing macros/materializations/table/table.sql
2020-07-30 22:44:18.303609 (MainThread): Parsing macros/materializations/view/view.sql
2020-07-30 22:44:18.309009 (MainThread): Parsing macros/materializations/view/create_or_replace_view.sql
2020-07-30 22:44:18.313136 (MainThread): Parsing macros/etc/get_custom_alias.sql
2020-07-30 22:44:18.313943 (MainThread): Parsing macros/etc/query.sql
2020-07-30 22:44:18.314836 (MainThread): Parsing macros/etc/is_incremental.sql
2020-07-30 22:44:18.316375 (MainThread): Parsing macros/etc/datetime.sql
2020-07-30 22:44:18.323970 (MainThread): Parsing macros/etc/get_custom_schema.sql
2020-07-30 22:44:18.325644 (MainThread): Parsing macros/etc/get_custom_database.sql
2020-07-30 22:44:18.327042 (MainThread): Parsing macros/adapters/common.sql
2020-07-30 22:44:18.369836 (MainThread): Parsing macros/schema_tests/relationships.sql
2020-07-30 22:44:18.370806 (MainThread): Parsing macros/schema_tests/not_null.sql
2020-07-30 22:44:18.371575 (MainThread): Parsing macros/schema_tests/unique.sql
2020-07-30 22:44:18.372492 (MainThread): Parsing macros/schema_tests/accepted_values.sql
2020-07-30 22:44:18.374437 (MainThread): Parsing macros/catalog.sql
2020-07-30 22:44:18.376025 (MainThread): Parsing macros/adapters.sql
2020-07-30 22:44:18.394369 (MainThread): Parsing macros/materializations/merge.sql
2020-07-30 22:44:18.396020 (MainThread): Parsing macros/materializations/view.sql
2020-07-30 22:44:18.397014 (MainThread): Parsing macros/materializations/table.sql
2020-07-30 22:44:18.400350 (MainThread): Parsing macros/materializations/incremental.sql
2020-07-30 22:44:18.456754 (MainThread): Partial parsing not enabled
2020-07-30 22:44:18.457056 (MainThread): Parsing macros/enabled_vars.sql
2020-07-30 22:44:18.459269 (MainThread): Parsing macros/cross_db_utils/except.sql
2020-07-30 22:44:18.460139 (MainThread): Parsing macros/cross_db_utils/replace.sql
2020-07-30 22:44:18.461247 (MainThread): Parsing macros/cross_db_utils/concat.sql
2020-07-30 22:44:18.463081 (MainThread): Parsing macros/cross_db_utils/datatypes.sql
2020-07-30 22:44:18.468062 (MainThread): Parsing macros/cross_db_utils/_is_relation.sql
2020-07-30 22:44:18.469085 (MainThread): Parsing macros/cross_db_utils/length.sql
2020-07-30 22:44:18.470157 (MainThread): Parsing macros/cross_db_utils/dateadd.sql
2020-07-30 22:44:18.472152 (MainThread): Parsing macros/cross_db_utils/intersect.sql
2020-07-30 22:44:18.473024 (MainThread): Parsing macros/cross_db_utils/right.sql
2020-07-30 22:44:18.475140 (MainThread): Parsing macros/cross_db_utils/datediff.sql
2020-07-30 22:44:18.483647 (MainThread): Parsing macros/cross_db_utils/safe_cast.sql
2020-07-30 22:44:18.485225 (MainThread): Parsing macros/cross_db_utils/hash.sql
2020-07-30 22:44:18.486410 (MainThread): Parsing macros/cross_db_utils/identifier.sql
2020-07-30 22:44:18.487607 (MainThread): Parsing macros/cross_db_utils/position.sql
2020-07-30 22:44:18.488908 (MainThread): Parsing macros/cross_db_utils/literal.sql
2020-07-30 22:44:18.489688 (MainThread): Parsing macros/cross_db_utils/current_timestamp.sql
2020-07-30 22:44:18.492566 (MainThread): Parsing macros/cross_db_utils/width_bucket.sql
2020-07-30 22:44:18.497088 (MainThread): Parsing macros/cross_db_utils/last_day.sql
2020-07-30 22:44:18.499601 (MainThread): Parsing macros/cross_db_utils/split_part.sql
2020-07-30 22:44:18.501144 (MainThread): Parsing macros/cross_db_utils/date_trunc.sql
2020-07-30 22:44:18.502383 (MainThread): Parsing macros/cross_db_utils/_is_ephemeral.sql
2020-07-30 22:44:18.503884 (MainThread): Parsing macros/materializations/insert_by_period_materialization.sql
2020-07-30 22:44:18.524376 (MainThread): Parsing macros/logger/pretty_log_format.sql
2020-07-30 22:44:18.524969 (MainThread): Parsing macros/logger/pretty_time.sql
2020-07-30 22:44:18.525624 (MainThread): Parsing macros/logger/log_info.sql
2020-07-30 22:44:18.526206 (MainThread): Parsing macros/datetime/date_spine.sql
2020-07-30 22:44:18.529093 (MainThread): Parsing macros/web/get_url_host.sql
2020-07-30 22:44:18.530251 (MainThread): Parsing macros/web/get_url_path.sql
2020-07-30 22:44:18.532130 (MainThread): Parsing macros/web/get_url_parameter.sql
2020-07-30 22:44:18.533071 (MainThread): Parsing macros/geo/haversine_distance.sql
2020-07-30 22:44:18.533848 (MainThread): Parsing macros/schema_tests/equal_rowcount.sql
2020-07-30 22:44:18.534927 (MainThread): Parsing macros/schema_tests/relationships_where.sql
2020-07-30 22:44:18.536679 (MainThread): Parsing macros/schema_tests/recency.sql
2020-07-30 22:44:18.537699 (MainThread): Parsing macros/schema_tests/not_constant.sql
2020-07-30 22:44:18.538535 (MainThread): Parsing macros/schema_tests/test_unique_where.sql
2020-07-30 22:44:18.539888 (MainThread): Parsing macros/schema_tests/at_least_one.sql
2020-07-30 22:44:18.540727 (MainThread): Parsing macros/schema_tests/unique_combination_of_columns.sql
2020-07-30 22:44:18.541727 (MainThread): Parsing macros/schema_tests/cardinality_equality.sql
2020-07-30 22:44:18.542990 (MainThread): Parsing macros/schema_tests/expression_is_true.sql
2020-07-30 22:44:18.544036 (MainThread): Parsing macros/schema_tests/test_not_null_where.sql
2020-07-30 22:44:18.545230 (MainThread): Parsing macros/schema_tests/equality.sql
2020-07-30 22:44:18.548058 (MainThread): Parsing macros/schema_tests/mutually_exclusive_ranges.sql
2020-07-30 22:44:18.553124 (MainThread): Parsing macros/sql/nullcheck_table.sql
2020-07-30 22:44:18.554150 (MainThread): Parsing macros/sql/get_relations_by_pattern.sql
2020-07-30 22:44:18.556322 (MainThread): Parsing macros/sql/generate_series.sql
2020-07-30 22:44:18.559116 (MainThread): Parsing macros/sql/get_relations_by_prefix.sql
2020-07-30 22:44:18.562178 (MainThread): Parsing macros/sql/get_tables_by_prefix_sql.sql
2020-07-30 22:44:18.564394 (MainThread): Parsing macros/sql/star.sql
2020-07-30 22:44:18.566935 (MainThread): Parsing macros/sql/unpivot.sql
2020-07-30 22:44:18.572270 (MainThread): Parsing macros/sql/union.sql
2020-07-30 22:44:18.580421 (MainThread): Parsing macros/sql/groupby.sql
2020-07-30 22:44:18.581209 (MainThread): Parsing macros/sql/get_tables_by_pattern.sql
2020-07-30 22:44:18.582246 (MainThread): Parsing macros/sql/surrogate_key.sql
2020-07-30 22:44:18.584820 (MainThread): Parsing macros/sql/safe_add.sql
2020-07-30 22:44:18.585717 (MainThread): Parsing macros/sql/nullcheck.sql
2020-07-30 22:44:18.586739 (MainThread): Parsing macros/sql/get_column_values.sql
2020-07-30 22:44:18.590257 (MainThread): Parsing macros/sql/pivot.sql
2020-07-30 22:44:18.592657 (MainThread): Parsing macros/sql/get_query_results_as_dict.sql
2020-07-30 22:44:18.626394 (MainThread): Acquiring new snowflake connection "model.stripe.stripe_subscription_line_items".
2020-07-30 22:44:18.626493 (MainThread): Opening a new connection, currently in state init
2020-07-30 22:44:18.649044 (MainThread): Acquiring new snowflake connection "model.stripe.stripe_weekly_overview".
2020-07-30 22:44:18.649123 (MainThread): Opening a new connection, currently in state init
2020-07-30 22:44:18.658900 (MainThread): Acquiring new snowflake connection "model.stripe.stripe_invoice_line_items".
2020-07-30 22:44:18.658974 (MainThread): Opening a new connection, currently in state init
2020-07-30 22:44:18.671639 (MainThread): Acquiring new snowflake connection "model.stripe.stripe_daily_overview".
2020-07-30 22:44:18.671710 (MainThread): Opening a new connection, currently in state init
2020-07-30 22:44:18.680805 (MainThread): Acquiring new snowflake connection "model.stripe.stripe_customer_overview".
2020-07-30 22:44:18.680874 (MainThread): Opening a new connection, currently in state init
2020-07-30 22:44:18.704068 (MainThread): Acquiring new snowflake connection "model.stripe.stripe_balance_transactions".
2020-07-30 22:44:18.704145 (MainThread): Opening a new connection, currently in state init
2020-07-30 22:44:18.711892 (MainThread): Acquiring new snowflake connection "model.stripe.stripe_quarterly_overview".
2020-07-30 22:44:18.711963 (MainThread): Opening a new connection, currently in state init
2020-07-30 22:44:18.720490 (MainThread): Acquiring new snowflake connection "model.stripe.stripe_monthly_overview".
2020-07-30 22:44:18.720564 (MainThread): Opening a new connection, currently in state init
2020-07-30 22:44:18.728600 (MainThread): Acquiring new snowflake connection "model.stripe.stripe_subscription_details".
2020-07-30 22:44:18.728670 (MainThread): Opening a new connection, currently in state init
2020-07-30 22:44:18.742657 (MainThread): Acquiring new snowflake connection "model.stripe.stripe_balance_transaction_joined".
2020-07-30 22:44:18.742728 (MainThread): Opening a new connection, currently in state init
2020-07-30 22:44:18.760515 (MainThread): Acquiring new snowflake connection "model.stripe.stripe_incomplete_charges".
2020-07-30 22:44:18.760599 (MainThread): Opening a new connection, currently in state init
2020-07-30 22:44:19.062067 (MainThread): Acquiring new snowflake connection "model.stripe_source.stg_stripe_card".
2020-07-30 22:44:19.062168 (MainThread): Opening a new connection, currently in state init
2020-07-30 22:44:19.072658 (MainThread): Acquiring new snowflake connection "model.stripe_source.stg_stripe_invoice_line_item".
2020-07-30 22:44:19.072731 (MainThread): Opening a new connection, currently in state init
2020-07-30 22:44:19.083919 (MainThread): Acquiring new snowflake connection "model.stripe_source.stg_stripe_payment_method_card".
2020-07-30 22:44:19.083991 (MainThread): Opening a new connection, currently in state init
2020-07-30 22:44:19.094935 (MainThread): Acquiring new snowflake connection "model.stripe_source.stg_stripe_charge".
2020-07-30 22:44:19.095006 (MainThread): Opening a new connection, currently in state init
2020-07-30 22:44:19.105367 (MainThread): Acquiring new snowflake connection "model.stripe_source.stg_stripe_payout".
2020-07-30 22:44:19.105441 (MainThread): Opening a new connection, currently in state init
2020-07-30 22:44:19.115832 (MainThread): Acquiring new snowflake connection "model.stripe_source.stg_stripe_customer".
2020-07-30 22:44:19.115903 (MainThread): Opening a new connection, currently in state init
2020-07-30 22:44:19.126553 (MainThread): Acquiring new snowflake connection "model.stripe_source.stg_stripe_refund".
2020-07-30 22:44:19.126625 (MainThread): Opening a new connection, currently in state init
2020-07-30 22:44:19.136803 (MainThread): Acquiring new snowflake connection "model.stripe_source.stg_stripe_subscription".
2020-07-30 22:44:19.136874 (MainThread): Opening a new connection, currently in state init
2020-07-30 22:44:19.147840 (MainThread): Acquiring new snowflake connection "model.stripe_source.stg_stripe_payment_method".
2020-07-30 22:44:19.147910 (MainThread): Opening a new connection, currently in state init
2020-07-30 22:44:19.159033 (MainThread): Acquiring new snowflake connection "model.stripe_source.stg_stripe_payment_intent".
2020-07-30 22:44:19.159104 (MainThread): Opening a new connection, currently in state init
2020-07-30 22:44:19.169410 (MainThread): Acquiring new snowflake connection "model.stripe_source.stg_stripe_invoice".
2020-07-30 22:44:19.169482 (MainThread): Opening a new connection, currently in state init
2020-07-30 22:44:19.180566 (MainThread): Acquiring new snowflake connection "model.stripe_source.stg_stripe_fee".
2020-07-30 22:44:19.180637 (MainThread): Opening a new connection, currently in state init
2020-07-30 22:44:19.190874 (MainThread): Acquiring new snowflake connection "model.stripe_source.stg_stripe_balance_transaction".
2020-07-30 22:44:19.190945 (MainThread): Opening a new connection, currently in state init
2020-07-30 22:44:19.201819 (MainThread): Acquiring new snowflake connection "model.stripe_source.stg_stripe_plan".
2020-07-30 22:44:19.201889 (MainThread): Opening a new connection, currently in state init
2020-07-30 22:44:19.969390 (MainThread): WARNING: Found documentation for resource "payment_method_card" which was not found or is disabled
2020-07-30 22:44:20.261537 (MainThread): Found 25 models, 36 tests, 0 snapshots, 0 analyses, 269 macros, 0 operations, 0 seed files, 14 sources
2020-07-30 22:44:20.265007 (MainThread): 
2020-07-30 22:44:20.265391 (MainThread): Acquiring new snowflake connection "master".
2020-07-30 22:44:20.265497 (MainThread): Opening a new connection, currently in state init
2020-07-30 22:44:20.286715 (ThreadPoolExecutor-0_0): Acquiring new snowflake connection "list_culdesac-labs".
2020-07-30 22:44:20.286972 (ThreadPoolExecutor-0_0): Opening a new connection, currently in state init
2020-07-30 22:44:20.307066 (ThreadPoolExecutor-0_0): Using snowflake connection "list_culdesac-labs".
2020-07-30 22:44:20.307441 (ThreadPoolExecutor-0_0): On list_culdesac-labs: /* {"app": "dbt", "dbt_version": "0.17.1", "profile_name": "integration_test", "target_name": "dev_snowflake", "connection_name": "list_culdesac-labs"} */

    show terse schemas in database culdesac-labs
    limit 10000
2020-07-30 22:44:20.566136 (ThreadPoolExecutor-0_0): unclosed file <_io.BufferedReader name='/Library/Frameworks/Python.framework/Versions/3.8/lib/python3.8/site-packages/certifi/cacert.pem'>
2020-07-30 22:44:21.134237 (ThreadPoolExecutor-0_0): Snowflake query id: 0195ebf4-034e-6234-0000-050532881c32
2020-07-30 22:44:21.134469 (ThreadPoolExecutor-0_0): Snowflake error: 001003 (42000): SQL compilation error:
syntax error line 1 at position 39 unexpected '-'.
2020-07-30 22:44:21.134726 (ThreadPoolExecutor-0_0): Error running SQL: macro list_schemas
2020-07-30 22:44:21.134865 (ThreadPoolExecutor-0_0): Rolling back transaction.
2020-07-30 22:44:21.135572 (ThreadPoolExecutor-0_0): Acquiring new snowflake connection "list_DBT_PACKAGE_TESTING".
2020-07-30 22:44:21.135729 (ThreadPoolExecutor-0_0): Re-using an available connection from the pool (formerly list_culdesac-labs).
2020-07-30 22:44:21.138171 (ThreadPoolExecutor-0_0): Using snowflake connection "list_DBT_PACKAGE_TESTING".
2020-07-30 22:44:21.138306 (ThreadPoolExecutor-0_0): On list_DBT_PACKAGE_TESTING: /* {"app": "dbt", "dbt_version": "0.17.1", "profile_name": "integration_test", "target_name": "dev_snowflake", "connection_name": "list_DBT_PACKAGE_TESTING"} */

    show terse schemas in database DBT_PACKAGE_TESTING
    limit 10000
2020-07-30 22:44:21.254458 (ThreadPoolExecutor-0_0): SQL status: SUCCESS 14 in 0.12 seconds
2020-07-30 22:44:21.257624 (MainThread): Connection 'master' was properly closed.
2020-07-30 22:44:21.257770 (MainThread): Connection 'list_DBT_PACKAGE_TESTING' was left open.
2020-07-30 22:44:21.257888 (MainThread): On list_DBT_PACKAGE_TESTING: Close
2020-07-30 22:44:21.451605 (MainThread): Sending event: {'category': 'dbt', 'action': 'invocation', 'label': 'end', 'context': [<snowplow_tracker.self_describing_json.SelfDescribingJson object at 0x10637abe0>, <snowplow_tracker.self_describing_json.SelfDescribingJson object at 0x1063381f0>, <snowplow_tracker.self_describing_json.SelfDescribingJson object at 0x10672f070>]}
2020-07-30 22:44:21.451920 (MainThread): Flushing usage events
2020-07-30 22:44:21.944160 (MainThread): Encountered an error:
2020-07-30 22:44:21.944399 (MainThread): Runtime Error
  Database error while listing schemas in database "culdesac-labs"
  Database Error
    001003 (42000): SQL compilation error:
    syntax error line 1 at position 39 unexpected '-'.
2020-07-30 22:44:21.948181 (MainThread): Traceback (most recent call last):
  File "/Library/Frameworks/Python.framework/Versions/3.8/lib/python3.8/site-packages/dbt/adapters/snowflake/connections.py", line 158, in exception_handler
    yield
  File "/Library/Frameworks/Python.framework/Versions/3.8/lib/python3.8/site-packages/dbt/adapters/sql/connections.py", line 74, in add_query
    cursor.execute(sql, bindings)
  File "/Library/Frameworks/Python.framework/Versions/3.8/lib/python3.8/site-packages/snowflake/connector/cursor.py", line 595, in execute
    Error.errorhandler_wrapper(self.connection, self,
  File "/Library/Frameworks/Python.framework/Versions/3.8/lib/python3.8/site-packages/snowflake/connector/errors.py", line 97, in errorhandler_wrapper
    cursor.errorhandler(connection, cursor, errorclass, errorvalue)
  File "/Library/Frameworks/Python.framework/Versions/3.8/lib/python3.8/site-packages/snowflake/connector/errors.py", line 68, in default_errorhandler
    raise errorclass(
snowflake.connector.errors.ProgrammingError: 001003 (42000): SQL compilation error:
syntax error line 1 at position 39 unexpected '-'.

During handling of the above exception, another exception occurred:

Traceback (most recent call last):
  File "/Library/Frameworks/Python.framework/Versions/3.8/lib/python3.8/site-packages/dbt/adapters/snowflake/impl.py", line 100, in list_schemas
    results = self.execute_macro(
  File "/Library/Frameworks/Python.framework/Versions/3.8/lib/python3.8/site-packages/dbt/adapters/base/impl.py", line 976, in execute_macro
    result = macro_function(**kwargs)
  File "/Library/Frameworks/Python.framework/Versions/3.8/lib/python3.8/site-packages/dbt/clients/jinja.py", line 327, in __call__
    return self.call_macro(*args, **kwargs)
  File "/Library/Frameworks/Python.framework/Versions/3.8/lib/python3.8/site-packages/dbt/clients/jinja.py", line 257, in call_macro
    return macro(*args, **kwargs)
  File "/Library/Frameworks/Python.framework/Versions/3.8/lib/python3.8/site-packages/jinja2/runtime.py", line 675, in __call__
    return self._invoke(arguments, autoescape)
  File "/Library/Frameworks/Python.framework/Versions/3.8/lib/python3.8/site-packages/jinja2/runtime.py", line 679, in _invoke
    rv = self._func(*arguments)
  File "<template>", line 20, in macro
  File "/Library/Frameworks/Python.framework/Versions/3.8/lib/python3.8/site-packages/jinja2/sandbox.py", line 462, in call
    return __context.call(__obj, *args, **kwargs)
  File "/Library/Frameworks/Python.framework/Versions/3.8/lib/python3.8/site-packages/jinja2/runtime.py", line 290, in call
    return __obj(*args, **kwargs)
  File "/Library/Frameworks/Python.framework/Versions/3.8/lib/python3.8/site-packages/dbt/clients/jinja.py", line 327, in __call__
    return self.call_macro(*args, **kwargs)
  File "/Library/Frameworks/Python.framework/Versions/3.8/lib/python3.8/site-packages/dbt/clients/jinja.py", line 257, in call_macro
    return macro(*args, **kwargs)
  File "/Library/Frameworks/Python.framework/Versions/3.8/lib/python3.8/site-packages/jinja2/runtime.py", line 675, in __call__
    return self._invoke(arguments, autoescape)
  File "/Library/Frameworks/Python.framework/Versions/3.8/lib/python3.8/site-packages/jinja2/runtime.py", line 679, in _invoke
    rv = self._func(*arguments)
  File "<template>", line 96, in macro
  File "/Library/Frameworks/Python.framework/Versions/3.8/lib/python3.8/site-packages/jinja2/sandbox.py", line 462, in call
    return __context.call(__obj, *args, **kwargs)
  File "/Library/Frameworks/Python.framework/Versions/3.8/lib/python3.8/site-packages/jinja2/runtime.py", line 290, in call
    return __obj(*args, **kwargs)
  File "/Library/Frameworks/Python.framework/Versions/3.8/lib/python3.8/site-packages/dbt/clients/jinja.py", line 327, in __call__
    return self.call_macro(*args, **kwargs)
  File "/Library/Frameworks/Python.framework/Versions/3.8/lib/python3.8/site-packages/dbt/clients/jinja.py", line 257, in call_macro
    return macro(*args, **kwargs)
  File "/Library/Frameworks/Python.framework/Versions/3.8/lib/python3.8/site-packages/jinja2/runtime.py", line 675, in __call__
    return self._invoke(arguments, autoescape)
  File "/Library/Frameworks/Python.framework/Versions/3.8/lib/python3.8/site-packages/jinja2/runtime.py", line 679, in _invoke
    rv = self._func(*arguments)
  File "<template>", line 42, in macro
  File "/Library/Frameworks/Python.framework/Versions/3.8/lib/python3.8/site-packages/jinja2/sandbox.py", line 462, in call
    return __context.call(__obj, *args, **kwargs)
  File "/Library/Frameworks/Python.framework/Versions/3.8/lib/python3.8/site-packages/jinja2/runtime.py", line 290, in call
    return __obj(*args, **kwargs)
  File "/Library/Frameworks/Python.framework/Versions/3.8/lib/python3.8/site-packages/dbt/clients/jinja.py", line 327, in __call__
    return self.call_macro(*args, **kwargs)
  File "/Library/Frameworks/Python.framework/Versions/3.8/lib/python3.8/site-packages/dbt/clients/jinja.py", line 257, in call_macro
    return macro(*args, **kwargs)
  File "/Library/Frameworks/Python.framework/Versions/3.8/lib/python3.8/site-packages/jinja2/runtime.py", line 675, in __call__
    return self._invoke(arguments, autoescape)
  File "/Library/Frameworks/Python.framework/Versions/3.8/lib/python3.8/site-packages/jinja2/runtime.py", line 679, in _invoke
    rv = self._func(*arguments)
  File "<template>", line 33, in macro
  File "/Library/Frameworks/Python.framework/Versions/3.8/lib/python3.8/site-packages/jinja2/sandbox.py", line 462, in call
    return __context.call(__obj, *args, **kwargs)
  File "/Library/Frameworks/Python.framework/Versions/3.8/lib/python3.8/site-packages/jinja2/runtime.py", line 290, in call
    return __obj(*args, **kwargs)
  File "/Library/Frameworks/Python.framework/Versions/3.8/lib/python3.8/site-packages/dbt/clients/jinja.py", line 327, in __call__
    return self.call_macro(*args, **kwargs)
  File "/Library/Frameworks/Python.framework/Versions/3.8/lib/python3.8/site-packages/dbt/clients/jinja.py", line 257, in call_macro
    return macro(*args, **kwargs)
  File "/Library/Frameworks/Python.framework/Versions/3.8/lib/python3.8/site-packages/jinja2/runtime.py", line 675, in __call__
    return self._invoke(arguments, autoescape)
  File "/Library/Frameworks/Python.framework/Versions/3.8/lib/python3.8/site-packages/jinja2/runtime.py", line 679, in _invoke
    rv = self._func(*arguments)
  File "<template>", line 41, in macro
  File "/Library/Frameworks/Python.framework/Versions/3.8/lib/python3.8/site-packages/jinja2/sandbox.py", line 462, in call
    return __context.call(__obj, *args, **kwargs)
  File "/Library/Frameworks/Python.framework/Versions/3.8/lib/python3.8/site-packages/jinja2/runtime.py", line 290, in call
    return __obj(*args, **kwargs)
  File "/Library/Frameworks/Python.framework/Versions/3.8/lib/python3.8/site-packages/dbt/adapters/base/impl.py", line 225, in execute
    return self.connections.execute(
  File "/Library/Frameworks/Python.framework/Versions/3.8/lib/python3.8/site-packages/dbt/adapters/sql/connections.py", line 119, in execute
    _, cursor = self.add_query(sql, auto_begin)
  File "/Library/Frameworks/Python.framework/Versions/3.8/lib/python3.8/site-packages/dbt/adapters/snowflake/connections.py", line 303, in add_query
    connection, cursor = super().add_query(
  File "/Library/Frameworks/Python.framework/Versions/3.8/lib/python3.8/site-packages/dbt/adapters/sql/connections.py", line 82, in add_query
    return connection, cursor
  File "/Library/Frameworks/Python.framework/Versions/3.8/lib/python3.8/contextlib.py", line 131, in __exit__
    self.gen.throw(type, value, traceback)
  File "/Library/Frameworks/Python.framework/Versions/3.8/lib/python3.8/site-packages/dbt/adapters/snowflake/connections.py", line 177, in exception_handler
    raise DatabaseException(msg)
dbt.exceptions.DatabaseException: Database Error
  001003 (42000): SQL compilation error:
  syntax error line 1 at position 39 unexpected '-'.

During handling of the above exception, another exception occurred:

Traceback (most recent call last):
  File "/Library/Frameworks/Python.framework/Versions/3.8/lib/python3.8/site-packages/dbt/main.py", line 81, in main
    results, succeeded = handle_and_check(args)
  File "/Library/Frameworks/Python.framework/Versions/3.8/lib/python3.8/site-packages/dbt/main.py", line 159, in handle_and_check
    task, res = run_from_args(parsed)
  File "/Library/Frameworks/Python.framework/Versions/3.8/lib/python3.8/site-packages/dbt/main.py", line 212, in run_from_args
    results = task.run()
  File "/Library/Frameworks/Python.framework/Versions/3.8/lib/python3.8/site-packages/dbt/task/runnable.py", line 408, in run
    result = self.execute_with_hooks(selected_uids)
  File "/Library/Frameworks/Python.framework/Versions/3.8/lib/python3.8/site-packages/dbt/task/runnable.py", line 368, in execute_with_hooks
    self.before_run(adapter, selected_uids)
  File "/Library/Frameworks/Python.framework/Versions/3.8/lib/python3.8/site-packages/dbt/task/run.py", line 203, in before_run
    self.create_schemas(adapter, selected_uids)
  File "/Library/Frameworks/Python.framework/Versions/3.8/lib/python3.8/site-packages/dbt/task/runnable.py", line 488, in create_schemas
    existing_schemas_lowered.update(ls_future.result())
  File "/Library/Frameworks/Python.framework/Versions/3.8/lib/python3.8/concurrent/futures/_base.py", line 432, in result
    return self.__get_result()
  File "/Library/Frameworks/Python.framework/Versions/3.8/lib/python3.8/concurrent/futures/_base.py", line 388, in __get_result
    raise self._exception
  File "/Library/Frameworks/Python.framework/Versions/3.8/lib/python3.8/concurrent/futures/thread.py", line 57, in run
    result = self.fn(*self.args, **self.kwargs)
  File "/Library/Frameworks/Python.framework/Versions/3.8/lib/python3.8/site-packages/dbt/task/runnable.py", line 469, in list_schemas
    for s in adapter.list_schemas(database_quoted)
  File "/Library/Frameworks/Python.framework/Versions/3.8/lib/python3.8/site-packages/dbt/adapters/snowflake/impl.py", line 109, in list_schemas
    raise RuntimeException(msg)
dbt.exceptions.RuntimeException: Runtime Error
  Database error while listing schemas in database "culdesac-labs"
  Database Error
    001003 (42000): SQL compilation error:
    syntax error line 1 at position 39 unexpected '-'.

2020-07-30 22:45:18.538013 (MainThread): Running with dbt=0.17.1
2020-07-30 22:45:18.804796 (MainThread): running dbt with arguments Namespace(cls=<class 'dbt.task.run.RunTask'>, debug=False, exclude=None, fail_fast=False, full_refresh=False, log_cache_events=False, log_format='default', models=None, partial_parse=None, profile=None, profiles_dir='/Users/kristin/.dbt', project_dir=None, record_timing_info=None, rpc_method='run', single_threaded=False, strict=False, target=None, test_new_parser=False, threads=None, use_cache=True, vars='{}', version_check=True, warn_error=False, which='run', write_json=True)
2020-07-30 22:45:18.805553 (MainThread): Tracking: tracking
2020-07-30 22:45:18.805840 (MainThread): Sending event: {'category': 'dbt', 'action': 'invocation', 'label': 'start', 'context': [<snowplow_tracker.self_describing_json.SelfDescribingJson object at 0x110311b50>, <snowplow_tracker.self_describing_json.SelfDescribingJson object at 0x10df77340>, <snowplow_tracker.self_describing_json.SelfDescribingJson object at 0x110320520>]}
2020-07-30 22:45:18.827341 (MainThread): Partial parsing not enabled
2020-07-30 22:45:18.829224 (MainThread): Parsing macros/core.sql
2020-07-30 22:45:18.833983 (MainThread): Parsing macros/materializations/helpers.sql
2020-07-30 22:45:18.841619 (MainThread): Parsing macros/materializations/snapshot/snapshot_merge.sql
2020-07-30 22:45:18.843224 (MainThread): Parsing macros/materializations/snapshot/strategies.sql
2020-07-30 22:45:18.864395 (MainThread): Parsing macros/materializations/snapshot/snapshot.sql
2020-07-30 22:45:18.908665 (MainThread): Parsing macros/materializations/seed/seed.sql
2020-07-30 22:45:18.936533 (MainThread): Parsing macros/materializations/incremental/helpers.sql
2020-07-30 22:45:18.939040 (MainThread): Parsing macros/materializations/incremental/incremental.sql
2020-07-30 22:45:18.946376 (MainThread): Parsing macros/materializations/common/merge.sql
2020-07-30 22:45:18.961588 (MainThread): Parsing macros/materializations/table/table.sql
2020-07-30 22:45:18.968791 (MainThread): Parsing macros/materializations/view/view.sql
2020-07-30 22:45:18.975371 (MainThread): Parsing macros/materializations/view/create_or_replace_view.sql
2020-07-30 22:45:18.979824 (MainThread): Parsing macros/etc/get_custom_alias.sql
2020-07-30 22:45:18.980669 (MainThread): Parsing macros/etc/query.sql
2020-07-30 22:45:18.981596 (MainThread): Parsing macros/etc/is_incremental.sql
2020-07-30 22:45:18.983016 (MainThread): Parsing macros/etc/datetime.sql
2020-07-30 22:45:18.991253 (MainThread): Parsing macros/etc/get_custom_schema.sql
2020-07-30 22:45:18.993025 (MainThread): Parsing macros/etc/get_custom_database.sql
2020-07-30 22:45:18.994469 (MainThread): Parsing macros/adapters/common.sql
2020-07-30 22:45:19.041971 (MainThread): Parsing macros/schema_tests/relationships.sql
2020-07-30 22:45:19.043024 (MainThread): Parsing macros/schema_tests/not_null.sql
2020-07-30 22:45:19.043824 (MainThread): Parsing macros/schema_tests/unique.sql
2020-07-30 22:45:19.044768 (MainThread): Parsing macros/schema_tests/accepted_values.sql
2020-07-30 22:45:19.046779 (MainThread): Parsing macros/catalog.sql
2020-07-30 22:45:19.048457 (MainThread): Parsing macros/adapters.sql
2020-07-30 22:45:19.067423 (MainThread): Parsing macros/materializations/merge.sql
2020-07-30 22:45:19.069155 (MainThread): Parsing macros/materializations/view.sql
2020-07-30 22:45:19.070203 (MainThread): Parsing macros/materializations/table.sql
2020-07-30 22:45:19.073466 (MainThread): Parsing macros/materializations/incremental.sql
2020-07-30 22:45:19.129361 (MainThread): Partial parsing not enabled
2020-07-30 22:45:19.129649 (MainThread): Parsing macros/enabled_vars.sql
2020-07-30 22:45:19.131972 (MainThread): Parsing macros/cross_db_utils/except.sql
2020-07-30 22:45:19.132872 (MainThread): Parsing macros/cross_db_utils/replace.sql
2020-07-30 22:45:19.134013 (MainThread): Parsing macros/cross_db_utils/concat.sql
2020-07-30 22:45:19.135910 (MainThread): Parsing macros/cross_db_utils/datatypes.sql
2020-07-30 22:45:19.140766 (MainThread): Parsing macros/cross_db_utils/_is_relation.sql
2020-07-30 22:45:19.141817 (MainThread): Parsing macros/cross_db_utils/length.sql
2020-07-30 22:45:19.142919 (MainThread): Parsing macros/cross_db_utils/dateadd.sql
2020-07-30 22:45:19.144970 (MainThread): Parsing macros/cross_db_utils/intersect.sql
2020-07-30 22:45:19.145875 (MainThread): Parsing macros/cross_db_utils/right.sql
2020-07-30 22:45:19.148425 (MainThread): Parsing macros/cross_db_utils/datediff.sql
2020-07-30 22:45:19.157041 (MainThread): Parsing macros/cross_db_utils/safe_cast.sql
2020-07-30 22:45:19.158663 (MainThread): Parsing macros/cross_db_utils/hash.sql
2020-07-30 22:45:19.159881 (MainThread): Parsing macros/cross_db_utils/identifier.sql
2020-07-30 22:45:19.161112 (MainThread): Parsing macros/cross_db_utils/position.sql
2020-07-30 22:45:19.162443 (MainThread): Parsing macros/cross_db_utils/literal.sql
2020-07-30 22:45:19.163372 (MainThread): Parsing macros/cross_db_utils/current_timestamp.sql
2020-07-30 22:45:19.166321 (MainThread): Parsing macros/cross_db_utils/width_bucket.sql
2020-07-30 22:45:19.171509 (MainThread): Parsing macros/cross_db_utils/last_day.sql
2020-07-30 22:45:19.173885 (MainThread): Parsing macros/cross_db_utils/split_part.sql
2020-07-30 22:45:19.175468 (MainThread): Parsing macros/cross_db_utils/date_trunc.sql
2020-07-30 22:45:19.176718 (MainThread): Parsing macros/cross_db_utils/_is_ephemeral.sql
2020-07-30 22:45:19.178874 (MainThread): Parsing macros/materializations/insert_by_period_materialization.sql
2020-07-30 22:45:19.200849 (MainThread): Parsing macros/logger/pretty_log_format.sql
2020-07-30 22:45:19.201446 (MainThread): Parsing macros/logger/pretty_time.sql
2020-07-30 22:45:19.202484 (MainThread): Parsing macros/logger/log_info.sql
2020-07-30 22:45:19.203579 (MainThread): Parsing macros/datetime/date_spine.sql
2020-07-30 22:45:19.206691 (MainThread): Parsing macros/web/get_url_host.sql
2020-07-30 22:45:19.208518 (MainThread): Parsing macros/web/get_url_path.sql
2020-07-30 22:45:19.213965 (MainThread): Parsing macros/web/get_url_parameter.sql
2020-07-30 22:45:19.215176 (MainThread): Parsing macros/geo/haversine_distance.sql
2020-07-30 22:45:19.216267 (MainThread): Parsing macros/schema_tests/equal_rowcount.sql
2020-07-30 22:45:19.217523 (MainThread): Parsing macros/schema_tests/relationships_where.sql
2020-07-30 22:45:19.219586 (MainThread): Parsing macros/schema_tests/recency.sql
2020-07-30 22:45:19.220886 (MainThread): Parsing macros/schema_tests/not_constant.sql
2020-07-30 22:45:19.221990 (MainThread): Parsing macros/schema_tests/test_unique_where.sql
2020-07-30 22:45:19.224152 (MainThread): Parsing macros/schema_tests/at_least_one.sql
2020-07-30 22:45:19.227446 (MainThread): Parsing macros/schema_tests/unique_combination_of_columns.sql
2020-07-30 22:45:19.231206 (MainThread): Parsing macros/schema_tests/cardinality_equality.sql
2020-07-30 22:45:19.233266 (MainThread): Parsing macros/schema_tests/expression_is_true.sql
2020-07-30 22:45:19.234936 (MainThread): Parsing macros/schema_tests/test_not_null_where.sql
2020-07-30 22:45:19.236847 (MainThread): Parsing macros/schema_tests/equality.sql
2020-07-30 22:45:19.242349 (MainThread): Parsing macros/schema_tests/mutually_exclusive_ranges.sql
2020-07-30 22:45:19.252051 (MainThread): Parsing macros/sql/nullcheck_table.sql
2020-07-30 22:45:19.253717 (MainThread): Parsing macros/sql/get_relations_by_pattern.sql
2020-07-30 22:45:19.257089 (MainThread): Parsing macros/sql/generate_series.sql
2020-07-30 22:45:19.263831 (MainThread): Parsing macros/sql/get_relations_by_prefix.sql
2020-07-30 22:45:19.268809 (MainThread): Parsing macros/sql/get_tables_by_prefix_sql.sql
2020-07-30 22:45:19.272326 (MainThread): Parsing macros/sql/star.sql
2020-07-30 22:45:19.276445 (MainThread): Parsing macros/sql/unpivot.sql
2020-07-30 22:45:19.289758 (MainThread): Parsing macros/sql/union.sql
2020-07-30 22:45:19.304807 (MainThread): Parsing macros/sql/groupby.sql
2020-07-30 22:45:19.307331 (MainThread): Parsing macros/sql/get_tables_by_pattern.sql
2020-07-30 22:45:19.309926 (MainThread): Parsing macros/sql/surrogate_key.sql
2020-07-30 22:45:19.316355 (MainThread): Parsing macros/sql/safe_add.sql
2020-07-30 22:45:19.318111 (MainThread): Parsing macros/sql/nullcheck.sql
2020-07-30 22:45:19.322064 (MainThread): Parsing macros/sql/get_column_values.sql
2020-07-30 22:45:19.328349 (MainThread): Parsing macros/sql/pivot.sql
2020-07-30 22:45:19.333962 (MainThread): Parsing macros/sql/get_query_results_as_dict.sql
2020-07-30 22:45:19.403693 (MainThread): Acquiring new snowflake connection "model.stripe.stripe_subscription_line_items".
2020-07-30 22:45:19.403874 (MainThread): Opening a new connection, currently in state init
2020-07-30 22:45:19.460135 (MainThread): Acquiring new snowflake connection "model.stripe.stripe_weekly_overview".
2020-07-30 22:45:19.460374 (MainThread): Opening a new connection, currently in state init
2020-07-30 22:45:19.489093 (MainThread): Acquiring new snowflake connection "model.stripe.stripe_invoice_line_items".
2020-07-30 22:45:19.489272 (MainThread): Opening a new connection, currently in state init
2020-07-30 22:45:19.517851 (MainThread): Acquiring new snowflake connection "model.stripe.stripe_daily_overview".
2020-07-30 22:45:19.518015 (MainThread): Opening a new connection, currently in state init
2020-07-30 22:45:19.538460 (MainThread): Acquiring new snowflake connection "model.stripe.stripe_customer_overview".
2020-07-30 22:45:19.538632 (MainThread): Opening a new connection, currently in state init
2020-07-30 22:45:19.584751 (MainThread): Acquiring new snowflake connection "model.stripe.stripe_balance_transactions".
2020-07-30 22:45:19.584905 (MainThread): Opening a new connection, currently in state init
2020-07-30 22:45:19.601728 (MainThread): Acquiring new snowflake connection "model.stripe.stripe_quarterly_overview".
2020-07-30 22:45:19.601895 (MainThread): Opening a new connection, currently in state init
2020-07-30 22:45:19.616834 (MainThread): Acquiring new snowflake connection "model.stripe.stripe_monthly_overview".
2020-07-30 22:45:19.616986 (MainThread): Opening a new connection, currently in state init
2020-07-30 22:45:19.631113 (MainThread): Acquiring new snowflake connection "model.stripe.stripe_subscription_details".
2020-07-30 22:45:19.631276 (MainThread): Opening a new connection, currently in state init
2020-07-30 22:45:19.651199 (MainThread): Acquiring new snowflake connection "model.stripe.stripe_balance_transaction_joined".
2020-07-30 22:45:19.651321 (MainThread): Opening a new connection, currently in state init
2020-07-30 22:45:19.673360 (MainThread): Acquiring new snowflake connection "model.stripe.stripe_incomplete_charges".
2020-07-30 22:45:19.673472 (MainThread): Opening a new connection, currently in state init
2020-07-30 22:45:20.046386 (MainThread): Acquiring new snowflake connection "model.stripe_source.stg_stripe_card".
2020-07-30 22:45:20.046504 (MainThread): Opening a new connection, currently in state init
2020-07-30 22:45:20.063634 (MainThread): Acquiring new snowflake connection "model.stripe_source.stg_stripe_invoice_line_item".
2020-07-30 22:45:20.063784 (MainThread): Opening a new connection, currently in state init
2020-07-30 22:45:20.082644 (MainThread): Acquiring new snowflake connection "model.stripe_source.stg_stripe_payment_method_card".
2020-07-30 22:45:20.082802 (MainThread): Opening a new connection, currently in state init
2020-07-30 22:45:20.101361 (MainThread): Acquiring new snowflake connection "model.stripe_source.stg_stripe_charge".
2020-07-30 22:45:20.101503 (MainThread): Opening a new connection, currently in state init
2020-07-30 22:45:20.116856 (MainThread): Acquiring new snowflake connection "model.stripe_source.stg_stripe_payout".
2020-07-30 22:45:20.116995 (MainThread): Opening a new connection, currently in state init
2020-07-30 22:45:20.130993 (MainThread): Acquiring new snowflake connection "model.stripe_source.stg_stripe_customer".
2020-07-30 22:45:20.131129 (MainThread): Opening a new connection, currently in state init
2020-07-30 22:45:20.144713 (MainThread): Acquiring new snowflake connection "model.stripe_source.stg_stripe_refund".
2020-07-30 22:45:20.144849 (MainThread): Opening a new connection, currently in state init
2020-07-30 22:45:20.158255 (MainThread): Acquiring new snowflake connection "model.stripe_source.stg_stripe_subscription".
2020-07-30 22:45:20.158381 (MainThread): Opening a new connection, currently in state init
2020-07-30 22:45:20.171506 (MainThread): Acquiring new snowflake connection "model.stripe_source.stg_stripe_payment_method".
2020-07-30 22:45:20.171615 (MainThread): Opening a new connection, currently in state init
2020-07-30 22:45:20.184387 (MainThread): Acquiring new snowflake connection "model.stripe_source.stg_stripe_payment_intent".
2020-07-30 22:45:20.184485 (MainThread): Opening a new connection, currently in state init
2020-07-30 22:45:20.198389 (MainThread): Acquiring new snowflake connection "model.stripe_source.stg_stripe_invoice".
2020-07-30 22:45:20.198523 (MainThread): Opening a new connection, currently in state init
2020-07-30 22:45:20.213926 (MainThread): Acquiring new snowflake connection "model.stripe_source.stg_stripe_fee".
2020-07-30 22:45:20.214070 (MainThread): Opening a new connection, currently in state init
2020-07-30 22:45:20.227425 (MainThread): Acquiring new snowflake connection "model.stripe_source.stg_stripe_balance_transaction".
2020-07-30 22:45:20.227526 (MainThread): Opening a new connection, currently in state init
2020-07-30 22:45:20.239930 (MainThread): Acquiring new snowflake connection "model.stripe_source.stg_stripe_plan".
2020-07-30 22:45:20.240031 (MainThread): Opening a new connection, currently in state init
2020-07-30 22:45:21.056080 (MainThread): WARNING: Found documentation for resource "payment_method_card" which was not found or is disabled
2020-07-30 22:45:21.344355 (MainThread): Found 25 models, 35 tests, 0 snapshots, 0 analyses, 269 macros, 0 operations, 0 seed files, 14 sources
2020-07-30 22:45:21.348474 (MainThread): 
2020-07-30 22:45:21.348809 (MainThread): Acquiring new snowflake connection "master".
2020-07-30 22:45:21.348903 (MainThread): Opening a new connection, currently in state init
2020-07-30 22:45:21.375912 (ThreadPoolExecutor-0_0): Acquiring new snowflake connection "list_DBT_PACKAGE_TESTING".
2020-07-30 22:45:21.376657 (ThreadPoolExecutor-0_0): Opening a new connection, currently in state init
2020-07-30 22:45:21.397401 (ThreadPoolExecutor-0_0): Using snowflake connection "list_DBT_PACKAGE_TESTING".
2020-07-30 22:45:21.397562 (ThreadPoolExecutor-0_0): On list_DBT_PACKAGE_TESTING: /* {"app": "dbt", "dbt_version": "0.17.1", "profile_name": "integration_test", "target_name": "dev_snowflake", "connection_name": "list_DBT_PACKAGE_TESTING"} */

    show terse schemas in database DBT_PACKAGE_TESTING
    limit 10000
2020-07-30 22:45:21.630526 (ThreadPoolExecutor-0_0): unclosed file <_io.BufferedReader name='/Library/Frameworks/Python.framework/Versions/3.8/lib/python3.8/site-packages/certifi/cacert.pem'>
2020-07-30 22:45:22.225189 (ThreadPoolExecutor-0_0): SQL status: SUCCESS 14 in 0.83 seconds
2020-07-30 22:45:22.228299 (ThreadPoolExecutor-0_0): Acquiring new snowflake connection "list_culdesac-labs".
2020-07-30 22:45:22.228429 (ThreadPoolExecutor-0_0): Re-using an available connection from the pool (formerly list_DBT_PACKAGE_TESTING).
2020-07-30 22:45:22.230607 (ThreadPoolExecutor-0_0): Using snowflake connection "list_culdesac-labs".
2020-07-30 22:45:22.230722 (ThreadPoolExecutor-0_0): On list_culdesac-labs: /* {"app": "dbt", "dbt_version": "0.17.1", "profile_name": "integration_test", "target_name": "dev_snowflake", "connection_name": "list_culdesac-labs"} */

    show terse schemas in database culdesac-labs
    limit 10000
2020-07-30 22:45:22.664475 (ThreadPoolExecutor-0_0): Snowflake query id: 0195ebf5-03c4-21a4-0000-0505328828da
2020-07-30 22:45:22.664692 (ThreadPoolExecutor-0_0): Snowflake error: 001003 (42000): SQL compilation error:
syntax error line 1 at position 39 unexpected '-'.
2020-07-30 22:45:22.664932 (ThreadPoolExecutor-0_0): Error running SQL: macro list_schemas
2020-07-30 22:45:22.665069 (ThreadPoolExecutor-0_0): Rolling back transaction.
2020-07-30 22:45:22.665899 (MainThread): Connection 'master' was properly closed.
2020-07-30 22:45:22.666072 (MainThread): Connection 'list_culdesac-labs' was left open.
2020-07-30 22:45:22.666215 (MainThread): On list_culdesac-labs: Close
2020-07-30 22:45:22.826894 (MainThread): Sending event: {'category': 'dbt', 'action': 'invocation', 'label': 'end', 'context': [<snowplow_tracker.self_describing_json.SelfDescribingJson object at 0x110551ca0>, <snowplow_tracker.self_describing_json.SelfDescribingJson object at 0x11089e5b0>, <snowplow_tracker.self_describing_json.SelfDescribingJson object at 0x110813430>]}
2020-07-30 22:45:22.827216 (MainThread): Flushing usage events
2020-07-30 22:45:23.324723 (MainThread): Encountered an error:
2020-07-30 22:45:23.324991 (MainThread): Runtime Error
  Database error while listing schemas in database "culdesac-labs"
  Database Error
    001003 (42000): SQL compilation error:
    syntax error line 1 at position 39 unexpected '-'.
2020-07-30 22:45:23.330389 (MainThread): Traceback (most recent call last):
  File "/Library/Frameworks/Python.framework/Versions/3.8/lib/python3.8/site-packages/dbt/adapters/snowflake/connections.py", line 158, in exception_handler
    yield
  File "/Library/Frameworks/Python.framework/Versions/3.8/lib/python3.8/site-packages/dbt/adapters/sql/connections.py", line 74, in add_query
    cursor.execute(sql, bindings)
  File "/Library/Frameworks/Python.framework/Versions/3.8/lib/python3.8/site-packages/snowflake/connector/cursor.py", line 595, in execute
    Error.errorhandler_wrapper(self.connection, self,
  File "/Library/Frameworks/Python.framework/Versions/3.8/lib/python3.8/site-packages/snowflake/connector/errors.py", line 97, in errorhandler_wrapper
    cursor.errorhandler(connection, cursor, errorclass, errorvalue)
  File "/Library/Frameworks/Python.framework/Versions/3.8/lib/python3.8/site-packages/snowflake/connector/errors.py", line 68, in default_errorhandler
    raise errorclass(
snowflake.connector.errors.ProgrammingError: 001003 (42000): SQL compilation error:
syntax error line 1 at position 39 unexpected '-'.

During handling of the above exception, another exception occurred:

Traceback (most recent call last):
  File "/Library/Frameworks/Python.framework/Versions/3.8/lib/python3.8/site-packages/dbt/adapters/snowflake/impl.py", line 100, in list_schemas
    results = self.execute_macro(
  File "/Library/Frameworks/Python.framework/Versions/3.8/lib/python3.8/site-packages/dbt/adapters/base/impl.py", line 976, in execute_macro
    result = macro_function(**kwargs)
  File "/Library/Frameworks/Python.framework/Versions/3.8/lib/python3.8/site-packages/dbt/clients/jinja.py", line 327, in __call__
    return self.call_macro(*args, **kwargs)
  File "/Library/Frameworks/Python.framework/Versions/3.8/lib/python3.8/site-packages/dbt/clients/jinja.py", line 257, in call_macro
    return macro(*args, **kwargs)
  File "/Library/Frameworks/Python.framework/Versions/3.8/lib/python3.8/site-packages/jinja2/runtime.py", line 675, in __call__
    return self._invoke(arguments, autoescape)
  File "/Library/Frameworks/Python.framework/Versions/3.8/lib/python3.8/site-packages/jinja2/runtime.py", line 679, in _invoke
    rv = self._func(*arguments)
  File "<template>", line 20, in macro
  File "/Library/Frameworks/Python.framework/Versions/3.8/lib/python3.8/site-packages/jinja2/sandbox.py", line 462, in call
    return __context.call(__obj, *args, **kwargs)
  File "/Library/Frameworks/Python.framework/Versions/3.8/lib/python3.8/site-packages/jinja2/runtime.py", line 290, in call
    return __obj(*args, **kwargs)
  File "/Library/Frameworks/Python.framework/Versions/3.8/lib/python3.8/site-packages/dbt/clients/jinja.py", line 327, in __call__
    return self.call_macro(*args, **kwargs)
  File "/Library/Frameworks/Python.framework/Versions/3.8/lib/python3.8/site-packages/dbt/clients/jinja.py", line 257, in call_macro
    return macro(*args, **kwargs)
  File "/Library/Frameworks/Python.framework/Versions/3.8/lib/python3.8/site-packages/jinja2/runtime.py", line 675, in __call__
    return self._invoke(arguments, autoescape)
  File "/Library/Frameworks/Python.framework/Versions/3.8/lib/python3.8/site-packages/jinja2/runtime.py", line 679, in _invoke
    rv = self._func(*arguments)
  File "<template>", line 96, in macro
  File "/Library/Frameworks/Python.framework/Versions/3.8/lib/python3.8/site-packages/jinja2/sandbox.py", line 462, in call
    return __context.call(__obj, *args, **kwargs)
  File "/Library/Frameworks/Python.framework/Versions/3.8/lib/python3.8/site-packages/jinja2/runtime.py", line 290, in call
    return __obj(*args, **kwargs)
  File "/Library/Frameworks/Python.framework/Versions/3.8/lib/python3.8/site-packages/dbt/clients/jinja.py", line 327, in __call__
    return self.call_macro(*args, **kwargs)
  File "/Library/Frameworks/Python.framework/Versions/3.8/lib/python3.8/site-packages/dbt/clients/jinja.py", line 257, in call_macro
    return macro(*args, **kwargs)
  File "/Library/Frameworks/Python.framework/Versions/3.8/lib/python3.8/site-packages/jinja2/runtime.py", line 675, in __call__
    return self._invoke(arguments, autoescape)
  File "/Library/Frameworks/Python.framework/Versions/3.8/lib/python3.8/site-packages/jinja2/runtime.py", line 679, in _invoke
    rv = self._func(*arguments)
  File "<template>", line 42, in macro
  File "/Library/Frameworks/Python.framework/Versions/3.8/lib/python3.8/site-packages/jinja2/sandbox.py", line 462, in call
    return __context.call(__obj, *args, **kwargs)
  File "/Library/Frameworks/Python.framework/Versions/3.8/lib/python3.8/site-packages/jinja2/runtime.py", line 290, in call
    return __obj(*args, **kwargs)
  File "/Library/Frameworks/Python.framework/Versions/3.8/lib/python3.8/site-packages/dbt/clients/jinja.py", line 327, in __call__
    return self.call_macro(*args, **kwargs)
  File "/Library/Frameworks/Python.framework/Versions/3.8/lib/python3.8/site-packages/dbt/clients/jinja.py", line 257, in call_macro
    return macro(*args, **kwargs)
  File "/Library/Frameworks/Python.framework/Versions/3.8/lib/python3.8/site-packages/jinja2/runtime.py", line 675, in __call__
    return self._invoke(arguments, autoescape)
  File "/Library/Frameworks/Python.framework/Versions/3.8/lib/python3.8/site-packages/jinja2/runtime.py", line 679, in _invoke
    rv = self._func(*arguments)
  File "<template>", line 33, in macro
  File "/Library/Frameworks/Python.framework/Versions/3.8/lib/python3.8/site-packages/jinja2/sandbox.py", line 462, in call
    return __context.call(__obj, *args, **kwargs)
  File "/Library/Frameworks/Python.framework/Versions/3.8/lib/python3.8/site-packages/jinja2/runtime.py", line 290, in call
    return __obj(*args, **kwargs)
  File "/Library/Frameworks/Python.framework/Versions/3.8/lib/python3.8/site-packages/dbt/clients/jinja.py", line 327, in __call__
    return self.call_macro(*args, **kwargs)
  File "/Library/Frameworks/Python.framework/Versions/3.8/lib/python3.8/site-packages/dbt/clients/jinja.py", line 257, in call_macro
    return macro(*args, **kwargs)
  File "/Library/Frameworks/Python.framework/Versions/3.8/lib/python3.8/site-packages/jinja2/runtime.py", line 675, in __call__
    return self._invoke(arguments, autoescape)
  File "/Library/Frameworks/Python.framework/Versions/3.8/lib/python3.8/site-packages/jinja2/runtime.py", line 679, in _invoke
    rv = self._func(*arguments)
  File "<template>", line 41, in macro
  File "/Library/Frameworks/Python.framework/Versions/3.8/lib/python3.8/site-packages/jinja2/sandbox.py", line 462, in call
    return __context.call(__obj, *args, **kwargs)
  File "/Library/Frameworks/Python.framework/Versions/3.8/lib/python3.8/site-packages/jinja2/runtime.py", line 290, in call
    return __obj(*args, **kwargs)
  File "/Library/Frameworks/Python.framework/Versions/3.8/lib/python3.8/site-packages/dbt/adapters/base/impl.py", line 225, in execute
    return self.connections.execute(
  File "/Library/Frameworks/Python.framework/Versions/3.8/lib/python3.8/site-packages/dbt/adapters/sql/connections.py", line 119, in execute
    _, cursor = self.add_query(sql, auto_begin)
  File "/Library/Frameworks/Python.framework/Versions/3.8/lib/python3.8/site-packages/dbt/adapters/snowflake/connections.py", line 303, in add_query
    connection, cursor = super().add_query(
  File "/Library/Frameworks/Python.framework/Versions/3.8/lib/python3.8/site-packages/dbt/adapters/sql/connections.py", line 82, in add_query
    return connection, cursor
  File "/Library/Frameworks/Python.framework/Versions/3.8/lib/python3.8/contextlib.py", line 131, in __exit__
    self.gen.throw(type, value, traceback)
  File "/Library/Frameworks/Python.framework/Versions/3.8/lib/python3.8/site-packages/dbt/adapters/snowflake/connections.py", line 177, in exception_handler
    raise DatabaseException(msg)
dbt.exceptions.DatabaseException: Database Error
  001003 (42000): SQL compilation error:
  syntax error line 1 at position 39 unexpected '-'.

During handling of the above exception, another exception occurred:

Traceback (most recent call last):
  File "/Library/Frameworks/Python.framework/Versions/3.8/lib/python3.8/site-packages/dbt/main.py", line 81, in main
    results, succeeded = handle_and_check(args)
  File "/Library/Frameworks/Python.framework/Versions/3.8/lib/python3.8/site-packages/dbt/main.py", line 159, in handle_and_check
    task, res = run_from_args(parsed)
  File "/Library/Frameworks/Python.framework/Versions/3.8/lib/python3.8/site-packages/dbt/main.py", line 212, in run_from_args
    results = task.run()
  File "/Library/Frameworks/Python.framework/Versions/3.8/lib/python3.8/site-packages/dbt/task/runnable.py", line 408, in run
    result = self.execute_with_hooks(selected_uids)
  File "/Library/Frameworks/Python.framework/Versions/3.8/lib/python3.8/site-packages/dbt/task/runnable.py", line 368, in execute_with_hooks
    self.before_run(adapter, selected_uids)
  File "/Library/Frameworks/Python.framework/Versions/3.8/lib/python3.8/site-packages/dbt/task/run.py", line 203, in before_run
    self.create_schemas(adapter, selected_uids)
  File "/Library/Frameworks/Python.framework/Versions/3.8/lib/python3.8/site-packages/dbt/task/runnable.py", line 488, in create_schemas
    existing_schemas_lowered.update(ls_future.result())
  File "/Library/Frameworks/Python.framework/Versions/3.8/lib/python3.8/concurrent/futures/_base.py", line 432, in result
    return self.__get_result()
  File "/Library/Frameworks/Python.framework/Versions/3.8/lib/python3.8/concurrent/futures/_base.py", line 388, in __get_result
    raise self._exception
  File "/Library/Frameworks/Python.framework/Versions/3.8/lib/python3.8/concurrent/futures/thread.py", line 57, in run
    result = self.fn(*self.args, **self.kwargs)
  File "/Library/Frameworks/Python.framework/Versions/3.8/lib/python3.8/site-packages/dbt/task/runnable.py", line 469, in list_schemas
    for s in adapter.list_schemas(database_quoted)
  File "/Library/Frameworks/Python.framework/Versions/3.8/lib/python3.8/site-packages/dbt/adapters/snowflake/impl.py", line 109, in list_schemas
    raise RuntimeException(msg)
dbt.exceptions.RuntimeException: Runtime Error
  Database error while listing schemas in database "culdesac-labs"
  Database Error
    001003 (42000): SQL compilation error:
    syntax error line 1 at position 39 unexpected '-'.

2020-07-30 22:45:34.090092 (MainThread): Running with dbt=0.17.1
2020-07-30 22:45:34.359735 (MainThread): running dbt with arguments Namespace(cls=<class 'dbt.task.run.RunTask'>, debug=False, exclude=None, fail_fast=False, full_refresh=False, log_cache_events=False, log_format='default', models=None, partial_parse=None, profile=None, profiles_dir='/Users/kristin/.dbt', project_dir=None, record_timing_info=None, rpc_method='run', single_threaded=False, strict=False, target=None, test_new_parser=False, threads=None, use_cache=True, vars='{}', version_check=True, warn_error=False, which='run', write_json=True)
2020-07-30 22:45:34.360541 (MainThread): Tracking: tracking
2020-07-30 22:45:34.360860 (MainThread): Sending event: {'category': 'dbt', 'action': 'invocation', 'label': 'start', 'context': [<snowplow_tracker.self_describing_json.SelfDescribingJson object at 0x10c8e3970>, <snowplow_tracker.self_describing_json.SelfDescribingJson object at 0x10a542070>, <snowplow_tracker.self_describing_json.SelfDescribingJson object at 0x10c8f1430>]}
2020-07-30 22:45:34.379518 (MainThread): Partial parsing not enabled
2020-07-30 22:45:34.381350 (MainThread): Parsing macros/core.sql
2020-07-30 22:45:34.385401 (MainThread): Parsing macros/materializations/helpers.sql
2020-07-30 22:45:34.392375 (MainThread): Parsing macros/materializations/snapshot/snapshot_merge.sql
2020-07-30 22:45:34.393982 (MainThread): Parsing macros/materializations/snapshot/strategies.sql
2020-07-30 22:45:34.408886 (MainThread): Parsing macros/materializations/snapshot/snapshot.sql
2020-07-30 22:45:34.435357 (MainThread): Parsing macros/materializations/seed/seed.sql
2020-07-30 22:45:34.453609 (MainThread): Parsing macros/materializations/incremental/helpers.sql
2020-07-30 22:45:34.455210 (MainThread): Parsing macros/materializations/incremental/incremental.sql
2020-07-30 22:45:34.460688 (MainThread): Parsing macros/materializations/common/merge.sql
2020-07-30 22:45:34.472946 (MainThread): Parsing macros/materializations/table/table.sql
2020-07-30 22:45:34.478806 (MainThread): Parsing macros/materializations/view/view.sql
2020-07-30 22:45:34.484421 (MainThread): Parsing macros/materializations/view/create_or_replace_view.sql
2020-07-30 22:45:34.488517 (MainThread): Parsing macros/etc/get_custom_alias.sql
2020-07-30 22:45:34.489388 (MainThread): Parsing macros/etc/query.sql
2020-07-30 22:45:34.490283 (MainThread): Parsing macros/etc/is_incremental.sql
2020-07-30 22:45:34.491657 (MainThread): Parsing macros/etc/datetime.sql
2020-07-30 22:45:34.499584 (MainThread): Parsing macros/etc/get_custom_schema.sql
2020-07-30 22:45:34.501561 (MainThread): Parsing macros/etc/get_custom_database.sql
2020-07-30 22:45:34.503066 (MainThread): Parsing macros/adapters/common.sql
2020-07-30 22:45:34.545778 (MainThread): Parsing macros/schema_tests/relationships.sql
2020-07-30 22:45:34.546994 (MainThread): Parsing macros/schema_tests/not_null.sql
2020-07-30 22:45:34.547757 (MainThread): Parsing macros/schema_tests/unique.sql
2020-07-30 22:45:34.548670 (MainThread): Parsing macros/schema_tests/accepted_values.sql
2020-07-30 22:45:34.550598 (MainThread): Parsing macros/catalog.sql
2020-07-30 22:45:34.552236 (MainThread): Parsing macros/adapters.sql
2020-07-30 22:45:34.570732 (MainThread): Parsing macros/materializations/merge.sql
2020-07-30 22:45:34.572408 (MainThread): Parsing macros/materializations/view.sql
2020-07-30 22:45:34.573418 (MainThread): Parsing macros/materializations/table.sql
2020-07-30 22:45:34.576568 (MainThread): Parsing macros/materializations/incremental.sql
2020-07-30 22:45:34.631899 (MainThread): Partial parsing not enabled
2020-07-30 22:45:34.632185 (MainThread): Parsing macros/enabled_vars.sql
2020-07-30 22:45:34.634387 (MainThread): Parsing macros/cross_db_utils/except.sql
2020-07-30 22:45:34.635367 (MainThread): Parsing macros/cross_db_utils/replace.sql
2020-07-30 22:45:34.636491 (MainThread): Parsing macros/cross_db_utils/concat.sql
2020-07-30 22:45:34.638352 (MainThread): Parsing macros/cross_db_utils/datatypes.sql
2020-07-30 22:45:34.643287 (MainThread): Parsing macros/cross_db_utils/_is_relation.sql
2020-07-30 22:45:34.644317 (MainThread): Parsing macros/cross_db_utils/length.sql
2020-07-30 22:45:34.645402 (MainThread): Parsing macros/cross_db_utils/dateadd.sql
2020-07-30 22:45:34.647883 (MainThread): Parsing macros/cross_db_utils/intersect.sql
2020-07-30 22:45:34.648765 (MainThread): Parsing macros/cross_db_utils/right.sql
2020-07-30 22:45:34.650758 (MainThread): Parsing macros/cross_db_utils/datediff.sql
2020-07-30 22:45:34.659028 (MainThread): Parsing macros/cross_db_utils/safe_cast.sql
2020-07-30 22:45:34.660625 (MainThread): Parsing macros/cross_db_utils/hash.sql
2020-07-30 22:45:34.661822 (MainThread): Parsing macros/cross_db_utils/identifier.sql
2020-07-30 22:45:34.663031 (MainThread): Parsing macros/cross_db_utils/position.sql
2020-07-30 22:45:34.665401 (MainThread): Parsing macros/cross_db_utils/literal.sql
2020-07-30 22:45:34.666183 (MainThread): Parsing macros/cross_db_utils/current_timestamp.sql
2020-07-30 22:45:34.669046 (MainThread): Parsing macros/cross_db_utils/width_bucket.sql
2020-07-30 22:45:34.673586 (MainThread): Parsing macros/cross_db_utils/last_day.sql
2020-07-30 22:45:34.675906 (MainThread): Parsing macros/cross_db_utils/split_part.sql
2020-07-30 22:45:34.677464 (MainThread): Parsing macros/cross_db_utils/date_trunc.sql
2020-07-30 22:45:34.678725 (MainThread): Parsing macros/cross_db_utils/_is_ephemeral.sql
2020-07-30 22:45:34.680471 (MainThread): Parsing macros/materializations/insert_by_period_materialization.sql
2020-07-30 22:45:34.700971 (MainThread): Parsing macros/logger/pretty_log_format.sql
2020-07-30 22:45:34.701559 (MainThread): Parsing macros/logger/pretty_time.sql
2020-07-30 22:45:34.702195 (MainThread): Parsing macros/logger/log_info.sql
2020-07-30 22:45:34.702786 (MainThread): Parsing macros/datetime/date_spine.sql
2020-07-30 22:45:34.706056 (MainThread): Parsing macros/web/get_url_host.sql
2020-07-30 22:45:34.707201 (MainThread): Parsing macros/web/get_url_path.sql
2020-07-30 22:45:34.709002 (MainThread): Parsing macros/web/get_url_parameter.sql
2020-07-30 22:45:34.709930 (MainThread): Parsing macros/geo/haversine_distance.sql
2020-07-30 22:45:34.710719 (MainThread): Parsing macros/schema_tests/equal_rowcount.sql
2020-07-30 22:45:34.711809 (MainThread): Parsing macros/schema_tests/relationships_where.sql
2020-07-30 22:45:34.713796 (MainThread): Parsing macros/schema_tests/recency.sql
2020-07-30 22:45:34.714974 (MainThread): Parsing macros/schema_tests/not_constant.sql
2020-07-30 22:45:34.715812 (MainThread): Parsing macros/schema_tests/test_unique_where.sql
2020-07-30 22:45:34.717139 (MainThread): Parsing macros/schema_tests/at_least_one.sql
2020-07-30 22:45:34.717971 (MainThread): Parsing macros/schema_tests/unique_combination_of_columns.sql
2020-07-30 22:45:34.718954 (MainThread): Parsing macros/schema_tests/cardinality_equality.sql
2020-07-30 22:45:34.720204 (MainThread): Parsing macros/schema_tests/expression_is_true.sql
2020-07-30 22:45:34.721193 (MainThread): Parsing macros/schema_tests/test_not_null_where.sql
2020-07-30 22:45:34.722371 (MainThread): Parsing macros/schema_tests/equality.sql
2020-07-30 22:45:34.725148 (MainThread): Parsing macros/schema_tests/mutually_exclusive_ranges.sql
2020-07-30 22:45:34.730636 (MainThread): Parsing macros/sql/nullcheck_table.sql
2020-07-30 22:45:34.731784 (MainThread): Parsing macros/sql/get_relations_by_pattern.sql
2020-07-30 22:45:34.733972 (MainThread): Parsing macros/sql/generate_series.sql
2020-07-30 22:45:34.736739 (MainThread): Parsing macros/sql/get_relations_by_prefix.sql
2020-07-30 22:45:34.739779 (MainThread): Parsing macros/sql/get_tables_by_prefix_sql.sql
2020-07-30 22:45:34.741972 (MainThread): Parsing macros/sql/star.sql
2020-07-30 22:45:34.744370 (MainThread): Parsing macros/sql/unpivot.sql
2020-07-30 22:45:34.749848 (MainThread): Parsing macros/sql/union.sql
2020-07-30 22:45:34.758137 (MainThread): Parsing macros/sql/groupby.sql
2020-07-30 22:45:34.758919 (MainThread): Parsing macros/sql/get_tables_by_pattern.sql
2020-07-30 22:45:34.759822 (MainThread): Parsing macros/sql/surrogate_key.sql
2020-07-30 22:45:34.762024 (MainThread): Parsing macros/sql/safe_add.sql
2020-07-30 22:45:34.763128 (MainThread): Parsing macros/sql/nullcheck.sql
2020-07-30 22:45:34.764164 (MainThread): Parsing macros/sql/get_column_values.sql
2020-07-30 22:45:34.767586 (MainThread): Parsing macros/sql/pivot.sql
2020-07-30 22:45:34.769914 (MainThread): Parsing macros/sql/get_query_results_as_dict.sql
2020-07-30 22:45:34.802968 (MainThread): Acquiring new snowflake connection "model.stripe.stripe_subscription_line_items".
2020-07-30 22:45:34.803057 (MainThread): Opening a new connection, currently in state init
2020-07-30 22:45:34.826338 (MainThread): Acquiring new snowflake connection "model.stripe.stripe_weekly_overview".
2020-07-30 22:45:34.826441 (MainThread): Opening a new connection, currently in state init
2020-07-30 22:45:34.836876 (MainThread): Acquiring new snowflake connection "model.stripe.stripe_invoice_line_items".
2020-07-30 22:45:34.836963 (MainThread): Opening a new connection, currently in state init
2020-07-30 22:45:34.849807 (MainThread): Acquiring new snowflake connection "model.stripe.stripe_daily_overview".
2020-07-30 22:45:34.849883 (MainThread): Opening a new connection, currently in state init
2020-07-30 22:45:34.858957 (MainThread): Acquiring new snowflake connection "model.stripe.stripe_customer_overview".
2020-07-30 22:45:34.859031 (MainThread): Opening a new connection, currently in state init
2020-07-30 22:45:34.882038 (MainThread): Acquiring new snowflake connection "model.stripe.stripe_balance_transactions".
2020-07-30 22:45:34.882116 (MainThread): Opening a new connection, currently in state init
2020-07-30 22:45:34.889817 (MainThread): Acquiring new snowflake connection "model.stripe.stripe_quarterly_overview".
2020-07-30 22:45:34.889891 (MainThread): Opening a new connection, currently in state init
2020-07-30 22:45:34.898427 (MainThread): Acquiring new snowflake connection "model.stripe.stripe_monthly_overview".
2020-07-30 22:45:34.898502 (MainThread): Opening a new connection, currently in state init
2020-07-30 22:45:34.906634 (MainThread): Acquiring new snowflake connection "model.stripe.stripe_subscription_details".
2020-07-30 22:45:34.906707 (MainThread): Opening a new connection, currently in state init
2020-07-30 22:45:34.920712 (MainThread): Acquiring new snowflake connection "model.stripe.stripe_balance_transaction_joined".
2020-07-30 22:45:34.920787 (MainThread): Opening a new connection, currently in state init
2020-07-30 22:45:34.937934 (MainThread): Acquiring new snowflake connection "model.stripe.stripe_incomplete_charges".
2020-07-30 22:45:34.938008 (MainThread): Opening a new connection, currently in state init
2020-07-30 22:45:35.098999 (MainThread): Acquiring new snowflake connection "model.stripe_source.stg_stripe_card".
2020-07-30 22:45:35.099132 (MainThread): Opening a new connection, currently in state init
2020-07-30 22:45:35.111905 (MainThread): Acquiring new snowflake connection "model.stripe_source.stg_stripe_invoice_line_item".
2020-07-30 22:45:35.111996 (MainThread): Opening a new connection, currently in state init
2020-07-30 22:45:35.124404 (MainThread): Acquiring new snowflake connection "model.stripe_source.stg_stripe_payment_method_card".
2020-07-30 22:45:35.124480 (MainThread): Opening a new connection, currently in state init
2020-07-30 22:45:35.135763 (MainThread): Acquiring new snowflake connection "model.stripe_source.stg_stripe_charge".
2020-07-30 22:45:35.135838 (MainThread): Opening a new connection, currently in state init
2020-07-30 22:45:35.145814 (MainThread): Acquiring new snowflake connection "model.stripe_source.stg_stripe_payout".
2020-07-30 22:45:35.145887 (MainThread): Opening a new connection, currently in state init
2020-07-30 22:45:35.156636 (MainThread): Acquiring new snowflake connection "model.stripe_source.stg_stripe_customer".
2020-07-30 22:45:35.156711 (MainThread): Opening a new connection, currently in state init
2020-07-30 22:45:35.166934 (MainThread): Acquiring new snowflake connection "model.stripe_source.stg_stripe_refund".
2020-07-30 22:45:35.167008 (MainThread): Opening a new connection, currently in state init
2020-07-30 22:45:35.177076 (MainThread): Acquiring new snowflake connection "model.stripe_source.stg_stripe_subscription".
2020-07-30 22:45:35.177151 (MainThread): Opening a new connection, currently in state init
2020-07-30 22:45:35.188056 (MainThread): Acquiring new snowflake connection "model.stripe_source.stg_stripe_payment_method".
2020-07-30 22:45:35.188130 (MainThread): Opening a new connection, currently in state init
2020-07-30 22:45:35.199105 (MainThread): Acquiring new snowflake connection "model.stripe_source.stg_stripe_payment_intent".
2020-07-30 22:45:35.199178 (MainThread): Opening a new connection, currently in state init
2020-07-30 22:45:35.211653 (MainThread): Acquiring new snowflake connection "model.stripe_source.stg_stripe_invoice".
2020-07-30 22:45:35.211765 (MainThread): Opening a new connection, currently in state init
2020-07-30 22:45:35.223453 (MainThread): Acquiring new snowflake connection "model.stripe_source.stg_stripe_fee".
2020-07-30 22:45:35.223533 (MainThread): Opening a new connection, currently in state init
2020-07-30 22:45:35.234540 (MainThread): Acquiring new snowflake connection "model.stripe_source.stg_stripe_balance_transaction".
2020-07-30 22:45:35.234618 (MainThread): Opening a new connection, currently in state init
2020-07-30 22:45:35.244570 (MainThread): Acquiring new snowflake connection "model.stripe_source.stg_stripe_plan".
2020-07-30 22:45:35.244645 (MainThread): Opening a new connection, currently in state init
2020-07-30 22:45:36.023928 (MainThread): WARNING: Found documentation for resource "payment_method_card" which was not found or is disabled
2020-07-30 22:45:36.282400 (MainThread): Found 25 models, 35 tests, 0 snapshots, 0 analyses, 269 macros, 0 operations, 0 seed files, 14 sources
2020-07-30 22:45:36.286087 (MainThread): 
2020-07-30 22:45:36.286384 (MainThread): Acquiring new snowflake connection "master".
2020-07-30 22:45:36.286458 (MainThread): Opening a new connection, currently in state init
2020-07-30 22:45:36.317806 (ThreadPoolExecutor-0_0): Acquiring new snowflake connection "list_DBT_PACKAGE_TESTING".
2020-07-30 22:45:36.318118 (ThreadPoolExecutor-0_0): Opening a new connection, currently in state init
2020-07-30 22:45:36.332909 (ThreadPoolExecutor-0_0): Using snowflake connection "list_DBT_PACKAGE_TESTING".
2020-07-30 22:45:36.333053 (ThreadPoolExecutor-0_0): On list_DBT_PACKAGE_TESTING: /* {"app": "dbt", "dbt_version": "0.17.1", "profile_name": "integration_test", "target_name": "dev_snowflake", "connection_name": "list_DBT_PACKAGE_TESTING"} */

    show terse schemas in database DBT_PACKAGE_TESTING
    limit 10000
2020-07-30 22:45:36.574755 (ThreadPoolExecutor-0_0): unclosed file <_io.BufferedReader name='/Library/Frameworks/Python.framework/Versions/3.8/lib/python3.8/site-packages/certifi/cacert.pem'>
2020-07-30 22:45:37.063040 (ThreadPoolExecutor-0_0): SQL status: SUCCESS 14 in 0.73 seconds
2020-07-30 22:45:37.066157 (ThreadPoolExecutor-0_0): Acquiring new snowflake connection "list_culdesac-labs".
2020-07-30 22:45:37.066289 (ThreadPoolExecutor-0_0): Re-using an available connection from the pool (formerly list_DBT_PACKAGE_TESTING).
2020-07-30 22:45:37.068442 (ThreadPoolExecutor-0_0): Using snowflake connection "list_culdesac-labs".
2020-07-30 22:45:37.068557 (ThreadPoolExecutor-0_0): On list_culdesac-labs: /* {"app": "dbt", "dbt_version": "0.17.1", "profile_name": "integration_test", "target_name": "dev_snowflake", "connection_name": "list_culdesac-labs"} */

    show terse schemas in database culdesac-labs
    limit 10000
2020-07-30 22:45:37.199836 (ThreadPoolExecutor-0_0): Snowflake query id: 0195ebf5-0393-4f77-0000-050532881d6e
2020-07-30 22:45:37.200057 (ThreadPoolExecutor-0_0): Snowflake error: 001003 (42000): SQL compilation error:
syntax error line 1 at position 39 unexpected '-'.
2020-07-30 22:45:37.200301 (ThreadPoolExecutor-0_0): Error running SQL: macro list_schemas
2020-07-30 22:45:37.200440 (ThreadPoolExecutor-0_0): Rolling back transaction.
2020-07-30 22:45:37.201278 (MainThread): Connection 'master' was properly closed.
2020-07-30 22:45:37.201453 (MainThread): Connection 'list_culdesac-labs' was left open.
2020-07-30 22:45:37.201594 (MainThread): On list_culdesac-labs: Close
2020-07-30 22:45:37.349506 (MainThread): Sending event: {'category': 'dbt', 'action': 'invocation', 'label': 'end', 'context': [<snowplow_tracker.self_describing_json.SelfDescribingJson object at 0x10cb23bb0>, <snowplow_tracker.self_describing_json.SelfDescribingJson object at 0x10cb7bdf0>, <snowplow_tracker.self_describing_json.SelfDescribingJson object at 0x10cb7bee0>]}
2020-07-30 22:45:37.349824 (MainThread): Flushing usage events
2020-07-30 22:45:37.788896 (MainThread): Encountered an error:
2020-07-30 22:45:37.789135 (MainThread): Runtime Error
  Database error while listing schemas in database "culdesac-labs"
  Database Error
    001003 (42000): SQL compilation error:
    syntax error line 1 at position 39 unexpected '-'.
2020-07-30 22:45:37.793673 (MainThread): Traceback (most recent call last):
  File "/Library/Frameworks/Python.framework/Versions/3.8/lib/python3.8/site-packages/dbt/adapters/snowflake/connections.py", line 158, in exception_handler
    yield
  File "/Library/Frameworks/Python.framework/Versions/3.8/lib/python3.8/site-packages/dbt/adapters/sql/connections.py", line 74, in add_query
    cursor.execute(sql, bindings)
  File "/Library/Frameworks/Python.framework/Versions/3.8/lib/python3.8/site-packages/snowflake/connector/cursor.py", line 595, in execute
    Error.errorhandler_wrapper(self.connection, self,
  File "/Library/Frameworks/Python.framework/Versions/3.8/lib/python3.8/site-packages/snowflake/connector/errors.py", line 97, in errorhandler_wrapper
    cursor.errorhandler(connection, cursor, errorclass, errorvalue)
  File "/Library/Frameworks/Python.framework/Versions/3.8/lib/python3.8/site-packages/snowflake/connector/errors.py", line 68, in default_errorhandler
    raise errorclass(
snowflake.connector.errors.ProgrammingError: 001003 (42000): SQL compilation error:
syntax error line 1 at position 39 unexpected '-'.

During handling of the above exception, another exception occurred:

Traceback (most recent call last):
  File "/Library/Frameworks/Python.framework/Versions/3.8/lib/python3.8/site-packages/dbt/adapters/snowflake/impl.py", line 100, in list_schemas
    results = self.execute_macro(
  File "/Library/Frameworks/Python.framework/Versions/3.8/lib/python3.8/site-packages/dbt/adapters/base/impl.py", line 976, in execute_macro
    result = macro_function(**kwargs)
  File "/Library/Frameworks/Python.framework/Versions/3.8/lib/python3.8/site-packages/dbt/clients/jinja.py", line 327, in __call__
    return self.call_macro(*args, **kwargs)
  File "/Library/Frameworks/Python.framework/Versions/3.8/lib/python3.8/site-packages/dbt/clients/jinja.py", line 257, in call_macro
    return macro(*args, **kwargs)
  File "/Library/Frameworks/Python.framework/Versions/3.8/lib/python3.8/site-packages/jinja2/runtime.py", line 675, in __call__
    return self._invoke(arguments, autoescape)
  File "/Library/Frameworks/Python.framework/Versions/3.8/lib/python3.8/site-packages/jinja2/runtime.py", line 679, in _invoke
    rv = self._func(*arguments)
  File "<template>", line 20, in macro
  File "/Library/Frameworks/Python.framework/Versions/3.8/lib/python3.8/site-packages/jinja2/sandbox.py", line 462, in call
    return __context.call(__obj, *args, **kwargs)
  File "/Library/Frameworks/Python.framework/Versions/3.8/lib/python3.8/site-packages/jinja2/runtime.py", line 290, in call
    return __obj(*args, **kwargs)
  File "/Library/Frameworks/Python.framework/Versions/3.8/lib/python3.8/site-packages/dbt/clients/jinja.py", line 327, in __call__
    return self.call_macro(*args, **kwargs)
  File "/Library/Frameworks/Python.framework/Versions/3.8/lib/python3.8/site-packages/dbt/clients/jinja.py", line 257, in call_macro
    return macro(*args, **kwargs)
  File "/Library/Frameworks/Python.framework/Versions/3.8/lib/python3.8/site-packages/jinja2/runtime.py", line 675, in __call__
    return self._invoke(arguments, autoescape)
  File "/Library/Frameworks/Python.framework/Versions/3.8/lib/python3.8/site-packages/jinja2/runtime.py", line 679, in _invoke
    rv = self._func(*arguments)
  File "<template>", line 96, in macro
  File "/Library/Frameworks/Python.framework/Versions/3.8/lib/python3.8/site-packages/jinja2/sandbox.py", line 462, in call
    return __context.call(__obj, *args, **kwargs)
  File "/Library/Frameworks/Python.framework/Versions/3.8/lib/python3.8/site-packages/jinja2/runtime.py", line 290, in call
    return __obj(*args, **kwargs)
  File "/Library/Frameworks/Python.framework/Versions/3.8/lib/python3.8/site-packages/dbt/clients/jinja.py", line 327, in __call__
    return self.call_macro(*args, **kwargs)
  File "/Library/Frameworks/Python.framework/Versions/3.8/lib/python3.8/site-packages/dbt/clients/jinja.py", line 257, in call_macro
    return macro(*args, **kwargs)
  File "/Library/Frameworks/Python.framework/Versions/3.8/lib/python3.8/site-packages/jinja2/runtime.py", line 675, in __call__
    return self._invoke(arguments, autoescape)
  File "/Library/Frameworks/Python.framework/Versions/3.8/lib/python3.8/site-packages/jinja2/runtime.py", line 679, in _invoke
    rv = self._func(*arguments)
  File "<template>", line 42, in macro
  File "/Library/Frameworks/Python.framework/Versions/3.8/lib/python3.8/site-packages/jinja2/sandbox.py", line 462, in call
    return __context.call(__obj, *args, **kwargs)
  File "/Library/Frameworks/Python.framework/Versions/3.8/lib/python3.8/site-packages/jinja2/runtime.py", line 290, in call
    return __obj(*args, **kwargs)
  File "/Library/Frameworks/Python.framework/Versions/3.8/lib/python3.8/site-packages/dbt/clients/jinja.py", line 327, in __call__
    return self.call_macro(*args, **kwargs)
  File "/Library/Frameworks/Python.framework/Versions/3.8/lib/python3.8/site-packages/dbt/clients/jinja.py", line 257, in call_macro
    return macro(*args, **kwargs)
  File "/Library/Frameworks/Python.framework/Versions/3.8/lib/python3.8/site-packages/jinja2/runtime.py", line 675, in __call__
    return self._invoke(arguments, autoescape)
  File "/Library/Frameworks/Python.framework/Versions/3.8/lib/python3.8/site-packages/jinja2/runtime.py", line 679, in _invoke
    rv = self._func(*arguments)
  File "<template>", line 33, in macro
  File "/Library/Frameworks/Python.framework/Versions/3.8/lib/python3.8/site-packages/jinja2/sandbox.py", line 462, in call
    return __context.call(__obj, *args, **kwargs)
  File "/Library/Frameworks/Python.framework/Versions/3.8/lib/python3.8/site-packages/jinja2/runtime.py", line 290, in call
    return __obj(*args, **kwargs)
  File "/Library/Frameworks/Python.framework/Versions/3.8/lib/python3.8/site-packages/dbt/clients/jinja.py", line 327, in __call__
    return self.call_macro(*args, **kwargs)
  File "/Library/Frameworks/Python.framework/Versions/3.8/lib/python3.8/site-packages/dbt/clients/jinja.py", line 257, in call_macro
    return macro(*args, **kwargs)
  File "/Library/Frameworks/Python.framework/Versions/3.8/lib/python3.8/site-packages/jinja2/runtime.py", line 675, in __call__
    return self._invoke(arguments, autoescape)
  File "/Library/Frameworks/Python.framework/Versions/3.8/lib/python3.8/site-packages/jinja2/runtime.py", line 679, in _invoke
    rv = self._func(*arguments)
  File "<template>", line 41, in macro
  File "/Library/Frameworks/Python.framework/Versions/3.8/lib/python3.8/site-packages/jinja2/sandbox.py", line 462, in call
    return __context.call(__obj, *args, **kwargs)
  File "/Library/Frameworks/Python.framework/Versions/3.8/lib/python3.8/site-packages/jinja2/runtime.py", line 290, in call
    return __obj(*args, **kwargs)
  File "/Library/Frameworks/Python.framework/Versions/3.8/lib/python3.8/site-packages/dbt/adapters/base/impl.py", line 225, in execute
    return self.connections.execute(
  File "/Library/Frameworks/Python.framework/Versions/3.8/lib/python3.8/site-packages/dbt/adapters/sql/connections.py", line 119, in execute
    _, cursor = self.add_query(sql, auto_begin)
  File "/Library/Frameworks/Python.framework/Versions/3.8/lib/python3.8/site-packages/dbt/adapters/snowflake/connections.py", line 303, in add_query
    connection, cursor = super().add_query(
  File "/Library/Frameworks/Python.framework/Versions/3.8/lib/python3.8/site-packages/dbt/adapters/sql/connections.py", line 82, in add_query
    return connection, cursor
  File "/Library/Frameworks/Python.framework/Versions/3.8/lib/python3.8/contextlib.py", line 131, in __exit__
    self.gen.throw(type, value, traceback)
  File "/Library/Frameworks/Python.framework/Versions/3.8/lib/python3.8/site-packages/dbt/adapters/snowflake/connections.py", line 177, in exception_handler
    raise DatabaseException(msg)
dbt.exceptions.DatabaseException: Database Error
  001003 (42000): SQL compilation error:
  syntax error line 1 at position 39 unexpected '-'.

During handling of the above exception, another exception occurred:

Traceback (most recent call last):
  File "/Library/Frameworks/Python.framework/Versions/3.8/lib/python3.8/site-packages/dbt/main.py", line 81, in main
    results, succeeded = handle_and_check(args)
  File "/Library/Frameworks/Python.framework/Versions/3.8/lib/python3.8/site-packages/dbt/main.py", line 159, in handle_and_check
    task, res = run_from_args(parsed)
  File "/Library/Frameworks/Python.framework/Versions/3.8/lib/python3.8/site-packages/dbt/main.py", line 212, in run_from_args
    results = task.run()
  File "/Library/Frameworks/Python.framework/Versions/3.8/lib/python3.8/site-packages/dbt/task/runnable.py", line 408, in run
    result = self.execute_with_hooks(selected_uids)
  File "/Library/Frameworks/Python.framework/Versions/3.8/lib/python3.8/site-packages/dbt/task/runnable.py", line 368, in execute_with_hooks
    self.before_run(adapter, selected_uids)
  File "/Library/Frameworks/Python.framework/Versions/3.8/lib/python3.8/site-packages/dbt/task/run.py", line 203, in before_run
    self.create_schemas(adapter, selected_uids)
  File "/Library/Frameworks/Python.framework/Versions/3.8/lib/python3.8/site-packages/dbt/task/runnable.py", line 488, in create_schemas
    existing_schemas_lowered.update(ls_future.result())
  File "/Library/Frameworks/Python.framework/Versions/3.8/lib/python3.8/concurrent/futures/_base.py", line 432, in result
    return self.__get_result()
  File "/Library/Frameworks/Python.framework/Versions/3.8/lib/python3.8/concurrent/futures/_base.py", line 388, in __get_result
    raise self._exception
  File "/Library/Frameworks/Python.framework/Versions/3.8/lib/python3.8/concurrent/futures/thread.py", line 57, in run
    result = self.fn(*self.args, **self.kwargs)
  File "/Library/Frameworks/Python.framework/Versions/3.8/lib/python3.8/site-packages/dbt/task/runnable.py", line 469, in list_schemas
    for s in adapter.list_schemas(database_quoted)
  File "/Library/Frameworks/Python.framework/Versions/3.8/lib/python3.8/site-packages/dbt/adapters/snowflake/impl.py", line 109, in list_schemas
    raise RuntimeException(msg)
dbt.exceptions.RuntimeException: Runtime Error
  Database error while listing schemas in database "culdesac-labs"
  Database Error
    001003 (42000): SQL compilation error:
    syntax error line 1 at position 39 unexpected '-'.

